Log file open, 06/03/17 14:05:49
LogInit:Display: Running engine for game: MAIN
LogPlatformFile: Not using cached read wrapper
LogInit:Display: RandInit(90065758) SRandInit(90065758).
LogTaskGraph: Started task graph with 5 named threads and 8 total threads with 1 sets of task threads.
LogStats: Stats thread started at 0.077753
LogInit: Using libcurl 7.47.1
LogInit:  - built for x86_64-pc-win32
LogInit:  - supports SSL with OpenSSL/1.0.2g
LogInit:  - supports HTTP deflate (compression) using libz 1.2.8
LogInit:  - other features:
LogInit:      CURL_VERSION_SSL
LogInit:      CURL_VERSION_LIBZ
LogInit:      CURL_VERSION_IPV6
LogInit:      CURL_VERSION_ASYNCHDNS
LogInit:      CURL_VERSION_LARGEFILE
LogInit:      CURL_VERSION_IDN
LogInit:  CurlRequestOptions (configurable via config and command line):
LogInit:  - bVerifyPeer = false  - Libcurl will NOT verify peer certificate
LogInit:  - bUseHttpProxy = false  - Libcurl will NOT use HTTP proxy
LogInit:  - bDontReuseConnections = false  - Libcurl will reuse connections
LogInit:  - CertBundlePath = nullptr  - Libcurl will use whatever was configured at build time.
LogInit: Build: ++UE4+Release-4.16-CL-3466753
LogInit: Engine Version: 4.16.1-3466753+++UE4+Release-4.16
LogInit: Compatible Engine Version: 4.16.0-3452394+++UE4+Release-4.16
LogInit: Net CL: 3452394
LogDevObjectVersion: Number of dev versions registered: 16
LogDevObjectVersion:   Dev-Blueprints (B0D832E4-1F89-4F0D-ACCF-7EB736FD4AA2): 9
LogDevObjectVersion:   Dev-Build (E1C64328-A22C-4D53-A36C-8E866417BD8C): 0
LogDevObjectVersion:   Dev-Core (375EC13C-06E4-48FB-B500-84F0262A717E): 2
LogDevObjectVersion:   Dev-Editor (E4B068ED-F494-42E9-A231-DA0B2E46BB41): 17
LogDevObjectVersion:   Dev-Framework (CFFC743F-43B0-4480-9391-14DF171D2073): 23
LogDevObjectVersion:   Dev-Mobile (B02B49B5-BB20-44E9-A304-32B752E40360): 0
LogDevObjectVersion:   Dev-Networking (A4E4105C-59A1-49B5-A7C5-40C4547EDFEE): 0
LogDevObjectVersion:   Dev-Online (39C831C9-5AE6-47DC-9A44-9C173E1C8E7C): 0
LogDevObjectVersion:   Dev-Physics (78F01B33-EBEA-4F98-B9B4-84EACCB95AA2): 0
LogDevObjectVersion:   Dev-Platform (6631380F-2D4D-43E0-8009-CF276956A95A): 0
LogDevObjectVersion:   Dev-Rendering (12F88B9F-8875-4AFC-A67C-D90C383ABD29): 15
LogDevObjectVersion:   Dev-Sequencer (7B5AE74C-D270-4C10-A958-57980B212A5A): 4
LogDevObjectVersion:   Dev-VR (D7296918-1DD6-4BDD-9DE2-64A83CC13884): 0
LogDevObjectVersion:   Dev-LoadTimes (C2A15278-BFE7-4AFE-6C17-90FF531DF755): 1
LogDevObjectVersion:   Private-Geometry (6EACA3D4-40EC-4CC1-B786-8BED09428FC5): 1
LogDevObjectVersion:   Dev-AnimPhys (29E575DD-E0A3-4627-9D10-D276232CDCEA): 3
LogInit: Compiled (64-bit): May 31 2017 02:03:30
LogInit: Compiled with Visual C++: 19.00.24215.01
LogInit: Build Configuration: Development
LogInit: Branch Name: ++UE4+Release-4.16
LogInit: Command line:  
LogInit: Base directory: D:/unreallengine/UE_4.16/Engine/Binaries/Win64/
LogInit: Installed Engine Build: 1
LogInit: Presizing for max 8388607 objects, including 0 objects not considered by GC, pre-allocating 0 bytes for permanent pool.
LogInit: Object subsystem initialized
[2017.06.03-04.05.49:471][  0]LogInit: Selected Device Profile: [Windows]
[2017.06.03-04.05.49:471][  0]LogInit: Applying CVar settings loaded from the selected device profile: [Windows]
[2017.06.03-04.05.49:480][  0]LogInit: Computer: DESKTOP-Q1BP53L
[2017.06.03-04.05.49:480][  0]LogInit: User: Sussane
[2017.06.03-04.05.49:480][  0]LogInit: CPU Page size=4096, Cores=4
[2017.06.03-04.05.49:480][  0]LogInit: High frequency timer resolution =3.417970 MHz
[2017.06.03-04.05.49:480][  0]LogMemory: Memory total: Physical=15.9GB (16GB approx)
[2017.06.03-04.05.49:480][  0]LogMemory: Platform Memory Stats for Windows
[2017.06.03-04.05.49:480][  0]LogMemory: Process Physical Memory: 272.93 MB used, 272.93 MB peak
[2017.06.03-04.05.49:480][  0]LogMemory: Process Virtual Memory: 260.98 MB used, 260.98 MB peak
[2017.06.03-04.05.49:480][  0]LogMemory: Physical Memory: 6038.24 MB used,  10193.44 MB free, 16231.68 MB total
[2017.06.03-04.05.49:480][  0]LogMemory: Virtual Memory: 638.31 MB used,  10193.44 MB free, 134217728.00 MB total
[2017.06.03-04.05.49:528][  0]LogInit: Using OS detected language (en-GB).
[2017.06.03-04.05.49:528][  0]LogInit: Using OS detected locale (en-AU).
[2017.06.03-04.05.49:531][  0]LogTextLocalizationManager: No specific localization for 'en-GB' exists, so the 'en' localization will be used.
[2017.06.03-04.05.50:334][  0]LogD3D11RHI: D3D11 adapters:
[2017.06.03-04.05.50:352][  0]LogD3D11RHI:    0. 'AMD Radeon R9 200 Series' (Feature Level 11_0)
[2017.06.03-04.05.50:352][  0]LogD3D11RHI:       3052/0/8115 MB DedicatedVideo/DedicatedSystem/SharedSystem, Outputs:3, VendorId:0x1002
[2017.06.03-04.05.50:353][  0]LogD3D11RHI:    1. 'Microsoft Basic Render Driver' (Feature Level 11_0)
[2017.06.03-04.05.50:353][  0]LogD3D11RHI:       0/0/8115 MB DedicatedVideo/DedicatedSystem/SharedSystem, Outputs:0, VendorId:0x1414
[2017.06.03-04.05.50:353][  0]LogD3D11RHI: Chosen D3D11 Adapter: 0
[2017.06.03-04.05.50:357][  0]LogD3D11RHI: Creating new Direct3DDevice
[2017.06.03-04.05.50:357][  0]LogD3D11RHI:     GPU DeviceId: 0x6798 (for the marketing name, search the web for "GPU Device Id")
[2017.06.03-04.05.50:357][  0]LogWindows: EnumDisplayDevices:
[2017.06.03-04.05.50:357][  0]LogWindows:    0. 'AMD Radeon R9 200 Series' (P:1 D:1)
[2017.06.03-04.05.50:357][  0]LogWindows:    1. 'AMD Radeon R9 200 Series' (P:0 D:1)
[2017.06.03-04.05.50:357][  0]LogWindows:    2. 'AMD Radeon R9 200 Series' (P:0 D:1)
[2017.06.03-04.05.50:358][  0]LogWindows:    3. 'AMD Radeon R9 200 Series' (P:0 D:0)
[2017.06.03-04.05.50:358][  0]LogWindows:    4. 'AMD Radeon R9 200 Series' (P:0 D:0)
[2017.06.03-04.05.50:358][  0]LogWindows:    5. 'AMD Radeon R9 200 Series' (P:0 D:0)
[2017.06.03-04.05.50:358][  0]LogWindows: DebugString: FoundDriverCount:6 
[2017.06.03-04.05.50:358][  0]LogD3D11RHI:     Adapter Name: AMD Radeon R9 200 Series
[2017.06.03-04.05.50:358][  0]LogD3D11RHI:   Driver Version: Crimson ReLive 17.5.2 (internal:22.19.165.512, unified:22.19.165.512)
[2017.06.03-04.05.50:358][  0]LogD3D11RHI:      Driver Date: 5-17-2017
[2017.06.03-04.05.50:358][  0]LogRHI: Texture pool is 1361 MB (70% of 1945 MB)
[2017.06.03-04.05.50:426][  0]LogD3D11RHI: Async texture creation enabled
[2017.06.03-04.05.50:437][  0]LogD3D11RHI: GPU Timing Frequency: 27.000000 (Debug: 2 1)
[2017.06.03-04.05.50:438][  0]LogShaderCompilers: Guid format shader working directory is 0 characters bigger than the processId version (C:/Users/Sussane/Documents/Unreal Projects/MAIN/Intermediate/Shaders/WorkingDirectory/11928/).
[2017.06.03-04.05.50:438][  0]LogShaderCompilers: Cleaned the shader compiler working directory 'C:/Users/Sussane/AppData/Local/Temp/UnrealShaderWorkingDir/AAC799B446B39D2B970A8B9D05C38A9F/'.
[2017.06.03-04.05.50:438][  0]LogShaderCompilers:Display: Using Local Shader Compiler.
[2017.06.03-04.05.51:300][  0]LogTemp:Display: Loaded TP AllDesktopTargetPlatform
[2017.06.03-04.05.51:331][  0]LogTemp:Display: Loaded TP MacClientTargetPlatform
[2017.06.03-04.05.51:362][  0]LogTemp:Display: Loaded TP MacNoEditorTargetPlatform
[2017.06.03-04.05.51:393][  0]LogTemp:Display: Loaded TP MacServerTargetPlatform
[2017.06.03-04.05.51:424][  0]LogTemp:Display: Loaded TP MacTargetPlatform
[2017.06.03-04.05.51:455][  0]LogTemp:Display: Loaded TP WindowsClientTargetPlatform
[2017.06.03-04.05.51:486][  0]LogTemp:Display: Loaded TP WindowsNoEditorTargetPlatform
[2017.06.03-04.05.51:517][  0]LogTemp:Display: Loaded TP WindowsServerTargetPlatform
[2017.06.03-04.05.51:543][  0]LogTemp:Display: Loaded TP WindowsTargetPlatform
[2017.06.03-04.05.51:573][  0]LogTemp:Display: Loaded TP AndroidTargetPlatform
[2017.06.03-04.05.51:603][  0]LogTemp:Display: Loaded TP Android_ASTCTargetPlatform
[2017.06.03-04.05.51:634][  0]LogTemp:Display: Loaded TP Android_ATCTargetPlatform
[2017.06.03-04.05.51:664][  0]LogTemp:Display: Loaded TP Android_DXTTargetPlatform
[2017.06.03-04.05.51:694][  0]LogTemp:Display: Loaded TP Android_ETC1TargetPlatform
[2017.06.03-04.05.51:724][  0]LogTemp:Display: Loaded TP Android_ETC2TargetPlatform
[2017.06.03-04.05.51:785][  0]LogTemp:Display: Loaded TP Android_MultiTargetPlatform
[2017.06.03-04.05.51:785][  0]LogTemp:Display: Loaded TP Android_PVRTCTargetPlatform
[2017.06.03-04.05.51:807][  0]LogTemp:Display: Loaded TP HTML5TargetPlatform
[2017.06.03-04.05.51:871][  0]LogTemp:Display: Loaded TP IOSTargetPlatform
[2017.06.03-04.05.51:891][  0]LogTemp:Display: Loaded TP TVOSTargetPlatform
[2017.06.03-04.05.51:922][  0]LogTemp:Display: Loaded TP LinuxClientTargetPlatform
[2017.06.03-04.05.51:952][  0]LogTemp:Display: Loaded TP LinuxNoEditorTargetPlatform
[2017.06.03-04.05.51:982][  0]LogTemp:Display: Loaded TP LinuxServerTargetPlatform
[2017.06.03-04.05.52:013][  0]LogTemp:Display: Loaded TP LinuxTargetPlatform
[2017.06.03-04.05.52:013][  0]LogTargetPlatformManager:Display: Building Assets For Windows
[2017.06.03-04.05.52:309][  0]LogDerivedDataCache:Display: Max Cache Size: 512 MB
[2017.06.03-04.05.52:393][  0]LogDerivedDataCache: Loaded boot cache 0.08s 90MB C:/Users/Sussane/AppData/Local/UnrealEngine/4.16/DerivedDataCache/Boot.ddc.
[2017.06.03-04.05.52:393][  0]LogDerivedDataCache:Display: Loaded Boot cache: C:/Users/Sussane/AppData/Local/UnrealEngine/4.16/DerivedDataCache/Boot.ddc
[2017.06.03-04.05.52:393][  0]LogDerivedDataCache: FDerivedDataBackendGraph:  Pak pak cache file C:/Users/Sussane/Documents/Unreal Projects/MAIN/DerivedDataCache/DDC.ddp not found, will not use a pak cache.
[2017.06.03-04.05.52:393][  0]LogDerivedDataCache: Unable to find inner node Pak for hierarchical cache Hierarchy.
[2017.06.03-04.05.52:393][  0]LogDerivedDataCache: FDerivedDataBackendGraph:  CompressedPak pak cache file C:/Users/Sussane/Documents/Unreal Projects/MAIN/DerivedDataCache/Compressed.ddp not found, will not use a pak cache.
[2017.06.03-04.05.52:393][  0]LogDerivedDataCache: Unable to find inner node CompressedPak for hierarchical cache Hierarchy.
[2017.06.03-04.05.52:409][  0]LogDerivedDataCache:Display: Pak cache opened for reading ../../../Engine/DerivedDataCache/Compressed.ddp.
[2017.06.03-04.05.52:421][  0]LogDerivedDataCache: Using Local data cache path C:/Users/Sussane/AppData/Local/UnrealEngine/Common/DerivedDataCache: Writable
[2017.06.03-04.05.52:430][  0]LogMaterial: Verifying Global Shaders for PCD3D_SM5
[2017.06.03-04.05.52:430][  0]LogSlate: Using Freetype 2.6.0
[2017.06.03-04.05.52:431][  0]LogSlate: SlateFontCache - WITH_FREETYPE: 1, WITH_HARFBUZZ: 1
[2017.06.03-04.05.52:431][  0]LogSlate: SlateFontCache - WITH_FREETYPE: 1, WITH_HARFBUZZ: 1
[2017.06.03-04.05.52:697][  0]LogInit: Selected Device Profile: [Windows]
[2017.06.03-04.05.52:783][  0]LogContentStreaming: Texture pool size is 0.00 MB
[2017.06.03-04.05.52:929][  0]LogMeshUtilities: Using QuadricMeshReduction for automatic static mesh reduction
[2017.06.03-04.05.52:959][  0]LogSimplygon: Simplygon DLL not present - disabling.
[2017.06.03-04.05.53:010][  0]LogMeshUtilities: Using SimplygonSwarm for distributed automatic mesh merging
[2017.06.03-04.05.53:010][  0]LogMeshUtilities: No automatic skeletal mesh reduction module available
[2017.06.03-04.05.53:010][  0]LogMeshUtilities: No automatic mesh merging module available
[2017.06.03-04.05.53:540][  0]LogNetVersion: MAIN , NetCL: 3452394, EngineNetVer: 2, GameNetVer: 0 (Checksum: 1844700196)
[2017.06.03-04.05.53:589][  0]LogAssetRegistry: FAssetRegistry took 0.0247 seconds to start up
[2017.06.03-04.05.53:633][  0]LogPackageLocalizationCache: Processed 4 localized package path(s) for 2 prioritized culture(s) in 0.027904 seconds
[2017.06.03-04.05.53:638][  0]LogUObjectArray: 34194 objects as part of root set at end of initial load.
[2017.06.03-04.05.53:638][  0]LogUObjectAllocator: 7260416 out of 0 bytes used by permanent object pool.
[2017.06.03-04.05.53:638][  0]LogUObjectArray: CloseDisregardForGC: 0/0 objects in disregard for GC pool
[2017.06.03-04.05.53:673][  0]LogInit: WinSock: version 1.1 (2.2), MaxSocks=32767, MaxUdp=65467
[2017.06.03-04.05.55:386][  0]LogTcpMessaging: Initializing TcpMessaging bridge
[2017.06.03-04.05.55:413][  0]LogUdpMessaging: Initializing bridge on interface 0.0.0.0:0 to multicast group 230.0.0.1:6666.
[2017.06.03-04.05.55:763][  0]LogMaterial: Uniform references updated for custom material expression Custom.
[2017.06.03-04.05.56:017][  0]SourceControl: Info Source control is disabled
[2017.06.03-04.05.56:018][  0]SourceControl: Info Source control is disabled
[2017.06.03-04.05.56:046][  0]SourceControl: Info Source control is disabled
[2017.06.03-04.05.56:075][  0]SourceControl: Info Source control is disabled
[2017.06.03-04.05.56:450][  0]LogAndroidPermission: UAndroidPermissionCallbackProxy::GetInstance
[2017.06.03-04.05.56:788][  0]LogEngine: Initializing Engine...
[2017.06.03-04.05.56:789][  0]LogHMD: Failed to initialize OpenVR with code 110
[2017.06.03-04.05.56:948][  0]LogStats: UGameplayTagsManager::ConstructGameplayTagTree: Construct from data asset -  0.000 s
[2017.06.03-04.05.56:948][  0]LogStats: UGameplayTagsManager::ConstructGameplayTagTree: GameplayTagTreeChangedEvent.Broadcast -  0.000 s
[2017.06.03-04.05.57:022][  0]LogAIModule: Creating AISystem for world Untitled
[2017.06.03-04.05.57:038][  0]LogInit: XAudio2 using 'Digital Output (ASUS Xonar DX Audio Device)' : 2 channels at 44.1 kHz using 16 bits per sample (channel mask 0x3)
[2017.06.03-04.05.57:044][  0]LogInit: FAudioDevice initialized.
[2017.06.03-04.05.57:079][  0]LogDerivedDataCache: Saved boot cache 0.04s 90MB C:/Users/Sussane/AppData/Local/UnrealEngine/4.16/DerivedDataCache/Boot.ddc.
[2017.06.03-04.05.57:092][  0]LogInit: Texture streaming: Enabled
[2017.06.03-04.05.57:148][  0]LogEngineSessionManager: EngineSessionManager initialized
[2017.06.03-04.05.57:148][  0]LogEngineSessionManager: EngineSessionManager sent abnormal shutdown report. Type=Crashed, SessionId={3A3EA893-4125-85D8-9B4D-EEB7283479E2}
[2017.06.03-04.05.57:274][  0]LogInit: Transaction tracking system initialized
[2017.06.03-04.05.57:461][  0]BlueprintLog: New page: Editor Load
[2017.06.03-04.05.58:020][  0]LocalizationService: Info Localization service is disabled
[2017.06.03-04.05.58:492][  0]LogConsoleResponse:Display: 
[2017.06.03-04.05.58:609][  0]LogCook:Display: Max memory allowance for cook 16384mb min free memory 0mb
[2017.06.03-04.05.58:609][  0]LogCook:Display: Mobile HDR setting 1
[2017.06.03-04.05.59:040][  0]LogFileCache: Scanning file cache for directory 'C:/Users/Sussane/Documents/Unreal Projects/MAIN/Content/' took 0.01s
[2017.06.03-04.05.59:248][  0]SourceControl: Info Source control is disabled
[2017.06.03-04.05.59:248][  0]Cmd: MAP LOAD FILE="../../../Engine/Content/Maps/Templates/Template_Default.umap" TEMPLATE=1 SHOWPROGRESS=1 FEATURELEVEL=3
[2017.06.03-04.05.59:248][  0]LightingResults: New page: Lighting Build
[2017.06.03-04.05.59:272][  0]MapCheck: New page: Map Check
[2017.06.03-04.05.59:272][  0]LightingResults: New page: Lighting Build
[2017.06.03-04.05.59:430][  0]LogAIModule: Creating AISystem for world Untitled_1
[2017.06.03-04.05.59:431][  0]LogActorComponent: RegisterComponentWithWorld: (/Temp/Untitled_1.Untitled_1:PersistentLevel.WorldSettings_1.StaticMeshComponent0) Trying to register component with IsPendingKill() == true. Aborting.
[2017.06.03-04.05.59:434][  0]LogEditorServer: Finished looking for orphan Actors (0.000 secs)
[2017.06.03-04.05.59:449][  0]Cmd: MAP CHECKDEP NOCLEARLOG
[2017.06.03-04.05.59:479][  0]MapCheck: Info Map check complete: 0 Error(s), 0 Warning(s), took 29.501ms to complete.
[2017.06.03-04.05.59:479][  0]LogFileHelpers: Loading map 'Template_Default' took 0.230
[2017.06.03-04.05.59:577][  0]LogWindowsTextInputMethodSystem:Display: IME system now deactivated.
[2017.06.03-04.05.59:655][  0]LogCollectionManager: Loaded 0 collections in 0.000628 seconds
[2017.06.03-04.05.59:733][  0]LogFileCache: Scanning file cache for directory 'C:/Users/Sussane/Documents/Unreal Projects/MAIN/Saved/Collections/' took 0.01s
[2017.06.03-04.05.59:733][  0]LogFileCache: Scanning file cache for directory 'C:/Users/Sussane/Documents/Unreal Projects/MAIN/Content/Developers/Sussane/Collections/' took 0.01s
[2017.06.03-04.05.59:733][  0]LogFileCache: Scanning file cache for directory 'C:/Users/Sussane/Documents/Unreal Projects/MAIN/Content/Collections/' took 0.01s
[2017.06.03-04.05.59:733][  0]LogCollectionManager: Rebuilt the GUID cache for 0 collections in 0.000001 seconds
[2017.06.03-04.05.59:741][  0]LogContentBrowser: Native class hierarchy populated in 0.0075 seconds. Added 2329 classes and 491 folders.
[2017.06.03-04.05.59:777][  0]LogContentBrowser: Native class hierarchy updated for 'WidgetCarousel' in 0.0005 seconds. Added 0 classes and 0 folders.
[2017.06.03-04.05.59:803][  0]LogContentBrowser: Native class hierarchy updated for 'AddContentDialog' in 0.0005 seconds. Added 0 classes and 0 folders.
[2017.06.03-04.05.59:828][  0]LogContentBrowser: Native class hierarchy updated for 'SceneOutliner' in 0.0004 seconds. Added 1 classes and 2 folders.
[2017.06.03-04.05.59:856][  0]LogCrashTracker: Crashtracker disabled due to settings.
[2017.06.03-04.05.59:861][  0]LogSlate: Took 0.000166 seconds to synchronously load lazily loaded font '../../../Engine/Content/Slate/Fonts/Roboto-Regular.ttf' (155K)
[2017.06.03-04.05.59:862][  0]LogSlate: Took 0.000155 seconds to synchronously load lazily loaded font '../../../Engine/Content/Slate/Fonts/Roboto-Bold.ttf' (160K)
[2017.06.03-04.05.59:866][  0]LogSlate: Took 0.000200 seconds to synchronously load lazily loaded font '../../../Engine/Content/Editor/Slate/Fonts/FontAwesome.ttf' (139K)
[2017.06.03-04.05.59:951][  0]LogRenderer: Reallocating scene render targets to support 1208x576 NumSamples 1 (Frame:1).
[2017.06.03-04.06.00:087][  0]LogUObjectGlobals:Warning: Failed to find object 'Class None.'
[2017.06.03-04.06.00:135][  0]LogContentBrowser: Native class hierarchy updated for 'HierarchicalLODOutliner' in 0.0005 seconds. Added 1 classes and 2 folders.
[2017.06.03-04.06.00:135][  0]LogLoad: (Engine Initialization) Total time: 11.73 seconds
[2017.06.03-04.06.00:135][  0]LogLoad: (Engine Initialization) Total Blueprint compile time: 0.06 seconds
[2017.06.03-04.06.00:135][  0]LogExternalProfiler: No external profilers were discovered.  External profiling features will not be available.
[2017.06.03-04.06.00:145][  0]LogOcInput: OculusInput pre-init called
[2017.06.03-04.06.00:145][  0]LogHMD: Starting GearVRController plugin
[2017.06.03-04.06.00:157][  0]LogAssetRegistry: Asset discovery search completed in 6.5896 seconds
[2017.06.03-04.06.00:158][  0]LogCollectionManager: Rebuilt the object cache for 0 collections in 0.000000 seconds (found 0 objects)
[2017.06.03-04.06.00:158][  0]LogCollectionManager: Fixed up redirectors for 0 collections in 0.000026 seconds (updated 0 objects)
[2017.06.03-04.06.00:160][  0]LogContentStreaming: Texture pool size now 1000 MB
[2017.06.03-04.06.00:192][  0]LogSlate: Took 0.000167 seconds to synchronously load lazily loaded font '../../../Engine/Content/Slate/Fonts/Roboto-Light.ttf' (159K)
[2017.06.03-04.06.01:190][105]LogSlate: Took 0.000191 seconds to synchronously load lazily loaded font '../../../Engine/Content/Slate/Fonts/Roboto-Light.ttf' (159K)
[2017.06.03-04.06.10:918][439]LogLinker:Warning: Can't find file '/Game/Blueprints/MyPlayerController2'
[2017.06.03-04.06.10:943][439]LogLinker:Warning: Can't find file for asset '/Game/Blueprints/MyPlayerController2' while loading C:/Users/Sussane/Documents/Unreal Projects/MAIN/Content/Blueprints/MyPlayerController.uasset.
[2017.06.03-04.06.10:943][439]LoadErrors:Error: Error /Game/Blueprints/MyPlayerController : Can't find file for asset. /Game/Blueprints/MyPlayerController2
[2017.06.03-04.06.10:951][439]LogLinker:Warning: Can't find file '/Game/Blueprints/MyPlayerController2'
[2017.06.03-04.06.10:951][439]LogLinker:Warning: Can't find file for asset '/Game/Blueprints/MyPlayerController2' while loading C:/Users/Sussane/Documents/Unreal Projects/MAIN/Content/Blueprints/MyPlayerController.uasset.
[2017.06.03-04.06.10:954][439]LogLinker:Warning: Can't find file '/Game/Blueprints/MyPlayerController2'
[2017.06.03-04.06.10:955][439]LogLinker:Warning: Can't find file for asset '/Game/Blueprints/MyPlayerController2' while loading NULL.
[2017.06.03-04.06.10:958][439]LogLinker:Warning: Can't find file '/Game/Blueprints/MyPlayerController2'
[2017.06.03-04.06.10:958][439]LogLinker:Warning: Can't find file for asset '/Game/Blueprints/MyPlayerController2' while loading NULL.
[2017.06.03-04.06.10:958][439]LogLinker:Warning: Can't find file '/Game/Blueprints/MyPlayerController2'
[2017.06.03-04.06.10:958][439]LogLinker:Warning: Can't find file for asset '/Game/Blueprints/MyPlayerController2' while loading NULL.
[2017.06.03-04.06.10:958][439]LogLinker:Warning: Can't find file '/Game/Blueprints/MyPlayerController2'
[2017.06.03-04.06.10:958][439]LoadErrors: Info Failed to load /Game/Blueprints/MyPlayerController2.MyPlayerController2_C Referenced by MyPlayerController
[2017.06.03-04.06.10:958][439]LogLinker:Warning: Can't find file for asset '/Game/Blueprints/MyPlayerController2' while loading NULL.
[2017.06.03-04.06.10:959][439]LogLinker:Warning: Can't find file '/Game/Blueprints/MyPlayerController2'
[2017.06.03-04.06.10:959][439]LoadErrors: Info Failed to load /Game/Blueprints/MyPlayerController2.MyPlayerController2_C Referenced by K2Node_VariableSet_1
[2017.06.03-04.06.10:959][439]LogLinker:Warning: Can't find file for asset '/Game/Blueprints/MyPlayerController2' while loading NULL.
[2017.06.03-04.06.10:959][439]LogLinker:Warning: Can't find file '/Game/Blueprints/MyPlayerController2'
[2017.06.03-04.06.10:959][439]LogLinker:Warning: Can't find file for asset '/Game/Blueprints/MyPlayerController2' while loading NULL.
[2017.06.03-04.06.10:959][439]LogLinker:Warning: Can't find file '/Game/Blueprints/MyPlayerController2'
[2017.06.03-04.06.10:960][439]LoadErrors: Info Failed to load /Game/Blueprints/MyPlayerController2.MyPlayerController2_C Referenced by K2Node_SpawnActorFromClass_0
[2017.06.03-04.06.10:960][439]LogLinker:Warning: Can't find file for asset '/Game/Blueprints/MyPlayerController2' while loading NULL.
[2017.06.03-04.06.10:960][439]LogLinker:Warning: Can't find file '/Game/Blueprints/MyPlayerController2'
[2017.06.03-04.06.10:960][439]LogLinker:Warning: Can't find file for asset '/Game/Blueprints/MyPlayerController2' while loading NULL.
[2017.06.03-04.06.10:960][439]LogLinker:Warning: Can't find file '/Game/Blueprints/MyPlayerController2'
[2017.06.03-04.06.10:960][439]LoadErrors: Info Failed to load /Game/Blueprints/MyPlayerController2.MyPlayerController2_C Referenced by K2Node_VariableGet_45
[2017.06.03-04.06.10:960][439]LogLinker:Warning: Can't find file for asset '/Game/Blueprints/MyPlayerController2' while loading NULL.
[2017.06.03-04.06.10:988][439]LogBlueprint:Error: [Compiler MyPlayerController] Error Spawn node  SpawnActor NONE  must have a  Class  specified.
[2017.06.03-04.06.10:990][439]LogBlueprint:Warning: [Compiler MyPlayerController] Warning [0022.59] Compile of MyPlayerController failed. 1 Fatal Issue(s) 0 Warning(s) [in 27 ms] (/Game/Blueprints/MyPlayerController.MyPlayerController)
[2017.06.03-04.06.10:990][439]LogBlueprint:Warning: [Compiler MyPlayerController] Warning [0022.59] Compile of MyPlayerController failed. 1 Fatal Issue(s) 1 Warning(s) [in 0 ms] (/Game/Blueprints/MyPlayerController.MyPlayerController)
[2017.06.03-04.06.10:990][439]LogBlueprint:Warning: [Compiler MyPlayerController] Warning [0022.59] Compile of MyPlayerController failed. 1 Fatal Issue(s) 2 Warning(s) [in 0 ms] (/Game/Blueprints/MyPlayerController.MyPlayerController)
[2017.06.03-04.06.10:992][439]LogBlueprint:Error: [Compiler MyPlayerController] Error Spawn node  SpawnActor NONE  must have a  Class  specified.
[2017.06.03-04.06.10:994][439]LogBlueprint:Warning: [Compiler MyPlayerController] Warning [0022.59] Compile of MyPlayerController failed. 1 Fatal Issue(s) 0 Warning(s) [in 2 ms] (/Game/Blueprints/MyPlayerController.MyPlayerController)
[2017.06.03-04.06.10:994][439]LogBlueprint:Warning: [Compiler MyPlayerController] Warning [0022.59] Compile of MyPlayerController failed. 1 Fatal Issue(s) 1 Warning(s) [in 0 ms] (/Game/Blueprints/MyPlayerController.MyPlayerController)
[2017.06.03-04.06.10:994][439]LogBlueprint:Warning: [Compiler MyPlayerController] Warning [0022.59] Compile of MyPlayerController failed. 1 Fatal Issue(s) 2 Warning(s) [in 0 ms] (/Game/Blueprints/MyPlayerController.MyPlayerController)
[2017.06.03-04.06.11:023][439]LogSlate: Took 0.000279 seconds to synchronously load lazily loaded font '../../../Engine/Content/Slate/Fonts/Roboto-Light.ttf' (159K)
[2017.06.03-04.06.11:350][439]LogContentBrowser: Native class hierarchy updated for 'BlueprintGraph' in 0.0008 seconds. Added 112 classes and 0 folders.
[2017.06.03-04.06.11:906][439]LogBlueprint:Warning: Timeline Runspeed Track Runspeed in /Engine/Transient.REINST_PlayerORIGINAL_C_37 has an invalid curve.  Please fix!
[2017.06.03-04.06.11:913][439]LogBlueprint:Warning: Timeline Runspeed Track Runspeed in /Engine/Transient.REINST_PlayerORIGINAL_C_39 has an invalid curve.  Please fix!
[2017.06.03-04.06.12:597][439]LogSlate: Took 0.000173 seconds to synchronously load lazily loaded font '../../../Engine/Content/Editor/Slate/Fonts/Roboto-BoldCondensed.ttf' (158K)
[2017.06.03-04.06.12:683][440]LogSlate: Took 0.000231 seconds to synchronously load lazily loaded font '../../../Engine/Content/Editor/Slate/Fonts/Roboto-Italic.ttf' (157K)
[2017.06.03-04.06.18:872][868]LogActorComponent: UnregisterComponent: (/Engine/Transient.EditorFloorComp) Not registered. Aborting.
[2017.06.03-04.06.21:296][132]LogActorComponent: UnregisterComponent: (/Engine/Transient.EditorFloorComp) Not registered. Aborting.
[2017.06.03-04.06.21:892][192]LogActorComponent: UnregisterComponent: (/Engine/Transient.EditorFloorComp) Not registered. Aborting.
[2017.06.03-04.06.25:278][511]LogAIModule: Creating AISystem for world MAIN
[2017.06.03-04.06.25:309][511]Cmd: MAP LOAD FILE="C:/Users/Sussane/Documents/Unreal Projects/MAIN/Content/MAIN.umap" TEMPLATE=0 SHOWPROGRESS=1 FEATURELEVEL=3
[2017.06.03-04.06.25:309][511]LightingResults: New page: Lighting Build
[2017.06.03-04.06.25:309][511]LoadErrors: New page: Loading map: MAIN.umap
[2017.06.03-04.06.25:309][511]MapCheck: New page: Map Check
[2017.06.03-04.06.25:309][511]LightingResults: New page: Lighting Build
[2017.06.03-04.06.25:331][511]LogEditorServer: Finished looking for orphan Actors (0.000 secs)
[2017.06.03-04.06.25:362][511]Cmd: MAP CHECKDEP NOCLEARLOG
[2017.06.03-04.06.25:400][511]MapCheck: Info Map check complete: 0 Error(s), 0 Warning(s), took 38.453ms to complete.
[2017.06.03-04.06.25:400][511]LogFileHelpers: Loading map 'MAIN' took 0.092
[2017.06.03-04.06.30:130][848]LogTemp: Repeting last play command: Selected Viewport
[2017.06.03-04.06.30:157][848]LogBlueprintUserMessages: Early PlayInEditor Detection: Level '/Game/MAIN.MAIN:PersistentLevel' has LevelScriptBlueprint '/Game/MAIN.MAIN:PersistentLevel.MAIN' with GeneratedClass '/Game/MAIN.MAIN_C' with ClassGeneratedBy '/Game/MAIN.MAIN:PersistentLevel.MAIN'
[2017.06.03-04.06.30:157][848]LogPlayLevel: PlayLevel: No blueprints needed recompiling
[2017.06.03-04.06.37:482][209]Cmd: OBJ SAVEPACKAGE PACKAGE="/Game/MAIN" FILE="C:/Users/Sussane/Documents/Unreal Projects/MAIN/Content/MAIN.umap" SILENT=true AUTOSAVING=false KEEPDIRTY=false
[2017.06.03-04.06.37:667][209]LogSavePackage: Save=159.43ms
[2017.06.03-04.06.37:667][209]LogSavePackage: Moving 'C:/Users/Sussane/Documents/Unreal Projects/MAIN/Saved/MAINB83EFE1F470D338AEC2E24934CD283FE.tmp' to 'C:/Users/Sussane/Documents/Unreal Projects/MAIN/Content/MAIN.umap'
[2017.06.03-04.06.37:669][209]LogSavePackage:Display: Finished SavePackage C:/Users/Sussane/Documents/Unreal Projects/MAIN/Content/MAIN.umap
[2017.06.03-04.06.37:691][209]Cmd: OBJ SAVEPACKAGE PACKAGE="/Game/MAIN_BuiltData" FILE="C:/Users/Sussane/Documents/Unreal Projects/MAIN/Content/MAIN_BuiltData.uasset" SILENT=true
[2017.06.03-04.06.37:726][209]LogSavePackage: Save=26.33ms
[2017.06.03-04.06.37:726][209]LogSavePackage: Moving 'C:/Users/Sussane/Documents/Unreal Projects/MAIN/Saved/MAIN_BuiltData0E33564B4C6548B48FAE60AEE0628003.tmp' to 'C:/Users/Sussane/Documents/Unreal Projects/MAIN/Content/MAIN_BuiltData.uasset'
[2017.06.03-04.06.37:727][209]LogSavePackage:Display: Finished SavePackage C:/Users/Sussane/Documents/Unreal Projects/MAIN/Content/MAIN_BuiltData.uasset
[2017.06.03-04.06.39:575][382]MapCheck: New page: Map Check
[2017.06.03-04.06.39:608][382]Cmd: MAP REBUILD ALLVISIBLE
[2017.06.03-04.06.39:608][382]LogEditorServer: Rebuildmap Clear paths rebuilt
[2017.06.03-04.06.39:678][382]LogMaterial: Missing cached shader map for material FDebugViewModeMaterialProxy WorldGridMaterial, compiling. Is special engine material.
[2017.06.03-04.06.39:684][382]LogMaterial: Missing cached shader map for material FDebugViewModeMaterialProxy MaterialInstanceDynamic_2, compiling. 
[2017.06.03-04.06.39:689][382]LogMaterial: Missing cached shader map for material FDebugViewModeMaterialProxy MatineeCam_mat, compiling. 
[2017.06.03-04.06.40:118][382]TextureStreamingBuild:Display: Compiling optional shaders took 0.445 seconds.
[2017.06.03-04.06.40:123][382]LogLevel:Display: Export Material TexCoord Scales took 0.005 seconds.
[2017.06.03-04.06.40:128][382]TextureStreamingBuild:Display: Build Texture Streaming took 0.005 seconds.
[2017.06.03-04.06.40:143][382]LightingResults: New page: Lighting Build - 4 Jun 2017 12:06:40 am
[2017.06.03-04.06.40:170][382]LogSwarmInterface: [OpenConnection] Registering TCP channel ...
[2017.06.03-04.06.40:244][382]LogSwarmInterface: [OpenConnection] Connecting to agent ...
[2017.06.03-04.06.40:251][382]LogSwarmInterface: [TryOpenConnection] Testing the Agent
[2017.06.03-04.06.40:762][382]LogSwarmInterface: [TryOpenConnection] Opening Connection to Agent
[2017.06.03-04.06.40:762][382]LogSwarmInterface: [TryOpenConnection] Local Process ID is 11928
[2017.06.03-04.06.42:893][382]LogStaticLightingSystem:Warning: No importance volume found, so the scene bounding box was used.  You can optimize your scene's quality and lighting build times by adding importance volumes.
[2017.06.03-04.06.42:893][382]LogStaticLightingSystem: Running Lightmass w/ ImmediateImport mode ENABLED
[2017.06.03-04.06.42:893][382]LogStaticLightingSystem: Running Lightmass w/ ImmediateProcess mode ENABLED
[2017.06.03-04.06.42:894][382]LogStaticLightingSystem: Running Lightmass w/ Sorting mode ENABLED
[2017.06.03-04.06.42:894][382]LogStaticLightingSystem: Running Lightmass w/ Mapping paddings ENABLED
[2017.06.03-04.06.42:894][382]LogStaticLightingSystem: Running Lightmass w/ Mapping debug paddings DISABLED
[2017.06.03-04.06.42:996][382]Cmd: MAP CHECK DONTDISPLAYDIALOG
[2017.06.03-04.06.42:996][382]MapCheck: New page: MAIN - 4 Jun 2017 12:06:42 am
[2017.06.03-04.06.42:997][382]MapCheck:Warning: Warning Box_Brush21_StaticMesh Static mesh actor has NULL StaticMesh property 
[2017.06.03-04.06.42:997][382]MapCheck:Warning: Warning Box_Brush21_StaticMesh Static mesh actor has NULL StaticMesh property 
[2017.06.03-04.06.43:033][382]MapCheck: Info Map check complete: 0 Error(s), 2 Warning(s), took 36.432ms to complete.
[2017.06.03-04.06.43:055][382]LogEditorBuildUtils: Build time 0:03
[2017.06.03-04.06.44:484][443]Job is a success!
[2017.06.03-04.06.44:669][445]LogTexture:Display: Building textures: HQ_Lightmap0_2 (AutoDXT, 64X64)
[2017.06.03-04.06.44:669][445]LogTexture:Display: Building textures: LQ_Lightmap_0_2 (DXT1, 64X64)
[2017.06.03-04.06.44:669][445]LogTexture:Display: Building textures: HQ_Lightmap0_1 (AutoDXT, 512X512)
[2017.06.03-04.06.44:669][445]LogTexture:Display: Building textures: LQ_Lightmap_0_1 (DXT1, 512X512)
[2017.06.03-04.06.44:669][445]LogTexture:Display: Building textures: ShadowMapTexture2D_3 (G8, 32X32)
[2017.06.03-04.06.44:669][445]LogTexture:Display: Building textures: ShadowMapTexture2D_2 (G8, 256X256)
[2017.06.03-04.06.44:684][445]Lightmass on DESKTOP-Q1BP53L: 938 ms total, 106 ms importing, 21 ms setup, 282 ms photons, 483 ms processing, 0 ms extra exporting [56/56 mappings]. Threads: 3.21 sec total, 731 ms processing.
[2017.06.03-04.06.44:716][445]LogStaticLightingSystem: Illumination: 4.53 sec (49 ms encoding lightmaps, 20 ms encoding shadowmaps)
[2017.06.03-04.06.44:716][445]LogStaticLightingSystem: Lightmap texture memory:  0.5 MB (0.0 MB streaming, 0.5 MB non-streaming), 4 textures
[2017.06.03-04.06.44:716][445]LogStaticLightingSystem: Shadowmap texture memory: 0.1 MB (0.0 MB streaming, 0.1 MB non-streaming), 2 textures
[2017.06.03-04.06.44:896][445]DumpUnbuiltLightIteractions
[2017.06.03-04.06.44:896][445]Lights with unbuilt interactions: 0
[2017.06.03-04.06.44:896][445]
[2017.06.03-04.06.44:896][445]Primitives with unbuilt interactions: 0
[2017.06.03-04.06.44:909][446]Cmd: MAP CHECK NOTIFYRESULTS
[2017.06.03-04.06.44:909][446]MapCheck: New page: MAIN - 4 Jun 2017 12:06:44 am
[2017.06.03-04.06.44:910][446]MapCheck:Warning: Warning Box_Brush21_StaticMesh Static mesh actor has NULL StaticMesh property 
[2017.06.03-04.06.44:910][446]MapCheck:Warning: Warning Box_Brush21_StaticMesh Static mesh actor has NULL StaticMesh property 
[2017.06.03-04.06.44:943][446]MapCheck: Info Map check complete: 0 Error(s), 2 Warning(s), took 33.948ms to complete.
[2017.06.03-04.06.48:185][723]LogTemp: Repeting last play command: Selected Viewport
[2017.06.03-04.06.48:197][723]LogBlueprintUserMessages: Early PlayInEditor Detection: Level '/Game/MAIN.MAIN:PersistentLevel' has LevelScriptBlueprint '/Game/MAIN.MAIN:PersistentLevel.MAIN' with GeneratedClass '/Game/MAIN.MAIN_C' with ClassGeneratedBy '/Game/MAIN.MAIN:PersistentLevel.MAIN'
[2017.06.03-04.06.48:197][723]LogPlayLevel: PlayLevel: No blueprints needed recompiling
[2017.06.03-04.06.54:544][723]PIE: New page: PIE session: MAIN (4 Jun 2017 12:06:54 am)
[2017.06.03-04.06.54:544][723]LogPlayLevel: Creating play world package: /Game/UEDPIE_0_MAIN
[2017.06.03-04.06.54:550][723]LogPlayLevel: PIE: StaticDuplicateObject took: (0.006131s)
[2017.06.03-04.06.54:551][723]LogAIModule: Creating AISystem for world MAIN
[2017.06.03-04.06.54:551][723]LogPlayLevel: PIE: World Init took: (0.000664s)
[2017.06.03-04.06.54:551][723]LogPlayLevel: PIE: Created PIE world by copying editor world from /Game/MAIN.MAIN to /Game/UEDPIE_0_MAIN.MAIN (0.007095s)
[2017.06.03-04.06.54:574][723]LogInit: XAudio2 using 'Digital Output (ASUS Xonar DX Audio Device)' : 2 channels at 44.1 kHz using 16 bits per sample (channel mask 0x3)
[2017.06.03-04.06.54:579][723]LogInit: FAudioDevice initialized.
[2017.06.03-04.06.54:619][723]LogLoad: Game class is 'MyGame_C'
[2017.06.03-04.06.54:622][723]LogWorld: Bringing World /Game/UEDPIE_0_MAIN.MAIN up for play (max tick rate 0) at 2017.06.03-14.06.54
[2017.06.03-04.06.54:623][723]LogWorld: Bringing up level for play took: 0.001809
[2017.06.03-04.06.54:648][723]LogContentBrowser: Native class hierarchy updated for 'MovieSceneCapture' in 0.0005 seconds. Added 11 classes and 0 folders.
[2017.06.03-04.06.54:649][723]PIE: Info Play in editor start time for /Game/UEDPIE_0_MAIN 6.447
[2017.06.03-04.06.54:650][723]LogBlueprintUserMessages: Late PlayInEditor Detection: Level '/Game/MAIN.MAIN:PersistentLevel' has LevelScriptBlueprint '/Game/MAIN.MAIN:PersistentLevel.MAIN' with GeneratedClass '/Game/MAIN.MAIN_C' with ClassGeneratedBy '/Game/MAIN.MAIN:PersistentLevel.MAIN'
[2017.06.03-04.07.05:691][945]LogBlueprintUserMessages: Early EndPlayMap Detection: Level '/Game/MAIN.MAIN:PersistentLevel' has LevelScriptBlueprint '/Game/MAIN.MAIN:PersistentLevel.MAIN' with GeneratedClass '/Game/MAIN.MAIN_C' with ClassGeneratedBy '/Game/MAIN.MAIN:PersistentLevel.MAIN'
[2017.06.03-04.07.05:727][945]LogBlueprintUserMessages: Late EndPlayMap Detection: Level '/Game/MAIN.MAIN:PersistentLevel' has LevelScriptBlueprint '/Game/MAIN.MAIN:PersistentLevel.MAIN' with GeneratedClass '/Game/MAIN.MAIN_C' with ClassGeneratedBy '/Game/MAIN.MAIN:PersistentLevel.MAIN'
[2017.06.03-04.07.12:107][512]MapCheck: New page: Map Check
[2017.06.03-04.07.12:145][512]Cmd: MAP REBUILD ALLVISIBLE
[2017.06.03-04.07.12:145][512]LogEditorServer: Rebuildmap Clear paths rebuilt
[2017.06.03-04.07.12:182][512]LogMaterial: Missing cached shader map for material FDebugViewModeMaterialProxy WorldGridMaterial, compiling. Is special engine material.
[2017.06.03-04.07.12:189][512]LogMaterial: Missing cached shader map for material FDebugViewModeMaterialProxy MaterialInstanceDynamic_3, compiling. 
[2017.06.03-04.07.12:194][512]LogMaterial: Missing cached shader map for material FDebugViewModeMaterialProxy MatineeCam_mat, compiling. 
[2017.06.03-04.07.12:602][512]TextureStreamingBuild:Display: Compiling optional shaders took 0.424 seconds.
[2017.06.03-04.07.12:608][512]LogLevel:Display: Export Material TexCoord Scales took 0.005 seconds.
[2017.06.03-04.07.12:613][512]TextureStreamingBuild:Display: Build Texture Streaming took 0.005 seconds.
[2017.06.03-04.07.12:625][512]LightingResults: New page: Lighting Build - 4 Jun 2017 12:07:12 am
[2017.06.03-04.07.12:632][512]LogSwarmInterface: [OpenConnection] Registering TCP channel ...
[2017.06.03-04.07.12:634][512]LogSwarmInterface: [OpenConnection] Connecting to agent ...
[2017.06.03-04.07.12:634][512]LogSwarmInterface: [TryOpenConnection] Testing the Agent
[2017.06.03-04.07.12:635][512]LogSwarmInterface: [TryOpenConnection] Opening Connection to Agent
[2017.06.03-04.07.12:635][512]LogSwarmInterface: [TryOpenConnection] Local Process ID is 11928
[2017.06.03-04.07.17:354][512]LogStaticLightingSystem:Warning: No importance volume found, so the scene bounding box was used.  You can optimize your scene's quality and lighting build times by adding importance volumes.
[2017.06.03-04.07.17:354][512]LogStaticLightingSystem: Running Lightmass w/ ImmediateImport mode ENABLED
[2017.06.03-04.07.17:354][512]LogStaticLightingSystem: Running Lightmass w/ ImmediateProcess mode ENABLED
[2017.06.03-04.07.17:354][512]LogStaticLightingSystem: Running Lightmass w/ Sorting mode ENABLED
[2017.06.03-04.07.17:354][512]LogStaticLightingSystem: Running Lightmass w/ Mapping paddings ENABLED
[2017.06.03-04.07.17:354][512]LogStaticLightingSystem: Running Lightmass w/ Mapping debug paddings DISABLED
[2017.06.03-04.07.17:429][512]Cmd: MAP CHECK DONTDISPLAYDIALOG
[2017.06.03-04.07.17:429][512]MapCheck: New page: MAIN - 4 Jun 2017 12:07:17 am
[2017.06.03-04.07.17:429][512]MapCheck:Warning: Warning Box_Brush21_StaticMesh Static mesh actor has NULL StaticMesh property 
[2017.06.03-04.07.17:429][512]MapCheck:Warning: Warning Box_Brush21_StaticMesh Static mesh actor has NULL StaticMesh property 
[2017.06.03-04.07.17:466][512]MapCheck: Info Map check complete: 0 Error(s), 2 Warning(s), took 36.837ms to complete.
[2017.06.03-04.07.17:488][512]LogEditorBuildUtils: Build time 0:05
[2017.06.03-04.07.18:782][572]Job is a success!
[2017.06.03-04.07.18:952][573]LogTexture:Display: Building textures: LQ_Lightmap_1_1 (DXT1, 512X512)
[2017.06.03-04.07.18:952][573]LogTexture:Display: Building textures: LQ_Lightmap_1_2 (DXT1, 64X64)
[2017.06.03-04.07.18:952][573]LogTexture:Display: Building textures: HQ_Lightmap1_1 (AutoDXT, 512X512)
[2017.06.03-04.07.18:952][573]LogTexture:Display: Building textures: HQ_Lightmap1_2 (AutoDXT, 64X64)
[2017.06.03-04.07.18:952][573]LogTexture:Display: Building textures: ShadowMapTexture2D_5 (G8, 32X32)
[2017.06.03-04.07.18:952][573]LogTexture:Display: Building textures: ShadowMapTexture2D_4 (G8, 256X256)
[2017.06.03-04.07.18:983][573]Lightmass on DESKTOP-Q1BP53L: 877 ms total, 91 ms importing, 17 ms setup, 283 ms photons, 446 ms processing, 0 ms extra exporting [56/56 mappings]. Threads: 2.96 sec total, 708 ms processing.
[2017.06.03-04.07.18:994][573]LogStaticLightingSystem: Illumination: 6.33 sec (45 ms encoding lightmaps, 20 ms encoding shadowmaps)
[2017.06.03-04.07.18:994][573]LogStaticLightingSystem: Lightmap texture memory:  0.5 MB (0.0 MB streaming, 0.5 MB non-streaming), 4 textures
[2017.06.03-04.07.18:994][573]LogStaticLightingSystem: Shadowmap texture memory: 0.1 MB (0.0 MB streaming, 0.1 MB non-streaming), 2 textures
[2017.06.03-04.07.19:356][573]DumpUnbuiltLightIteractions
[2017.06.03-04.07.19:356][573]Lights with unbuilt interactions: 0
[2017.06.03-04.07.19:356][573]
[2017.06.03-04.07.19:356][573]Primitives with unbuilt interactions: 0
[2017.06.03-04.07.19:366][574]Cmd: MAP CHECK NOTIFYRESULTS
[2017.06.03-04.07.19:366][574]MapCheck: New page: MAIN - 4 Jun 2017 12:07:19 am
[2017.06.03-04.07.19:366][574]MapCheck:Warning: Warning Box_Brush21_StaticMesh Static mesh actor has NULL StaticMesh property 
[2017.06.03-04.07.19:366][574]MapCheck:Warning: Warning Box_Brush21_StaticMesh Static mesh actor has NULL StaticMesh property 
[2017.06.03-04.07.19:410][574]MapCheck: Info Map check complete: 0 Error(s), 2 Warning(s), took 44.002ms to complete.
[2017.06.03-04.07.40:060][252]LogActorFactory: Actor Factory created Cube
[2017.06.03-04.07.42:914][448]MapCheck: New page: Map Check
[2017.06.03-04.07.42:952][448]Cmd: MAP REBUILD ALLVISIBLE
[2017.06.03-04.07.42:952][448]LogEditorServer: Rebuildmap Clear paths rebuilt
[2017.06.03-04.07.42:989][448]LogMaterial: Missing cached shader map for material FDebugViewModeMaterialProxy WorldGridMaterial, compiling. Is special engine material.
[2017.06.03-04.07.42:995][448]LogMaterial: Missing cached shader map for material FDebugViewModeMaterialProxy MaterialInstanceDynamic_4, compiling. 
[2017.06.03-04.07.43:001][448]LogMaterial: Missing cached shader map for material FDebugViewModeMaterialProxy MatineeCam_mat, compiling. 
[2017.06.03-04.07.43:456][448]TextureStreamingBuild:Display: Compiling optional shaders took 0.470 seconds.
[2017.06.03-04.07.43:460][448]LogLevel:Display: Export Material TexCoord Scales took 0.004 seconds.
[2017.06.03-04.07.43:468][448]TextureStreamingBuild:Display: Build Texture Streaming took 0.007 seconds.
[2017.06.03-04.07.43:481][448]LightingResults: New page: Lighting Build - 4 Jun 2017 12:07:43 am
[2017.06.03-04.07.43:487][448]LogSwarmInterface: [OpenConnection] Registering TCP channel ...
[2017.06.03-04.07.43:489][448]LogSwarmInterface: [OpenConnection] Connecting to agent ...
[2017.06.03-04.07.43:489][448]LogSwarmInterface: [TryOpenConnection] Testing the Agent
[2017.06.03-04.07.43:490][448]LogSwarmInterface: [TryOpenConnection] Opening Connection to Agent
[2017.06.03-04.07.43:490][448]LogSwarmInterface: [TryOpenConnection] Local Process ID is 11928
[2017.06.03-04.07.47:995][448]LogStaticLightingSystem:Warning: No importance volume found, so the scene bounding box was used.  You can optimize your scene's quality and lighting build times by adding importance volumes.
[2017.06.03-04.07.47:995][448]LogStaticLightingSystem: Running Lightmass w/ ImmediateImport mode ENABLED
[2017.06.03-04.07.47:995][448]LogStaticLightingSystem: Running Lightmass w/ ImmediateProcess mode ENABLED
[2017.06.03-04.07.47:995][448]LogStaticLightingSystem: Running Lightmass w/ Sorting mode ENABLED
[2017.06.03-04.07.47:995][448]LogStaticLightingSystem: Running Lightmass w/ Mapping paddings ENABLED
[2017.06.03-04.07.47:995][448]LogStaticLightingSystem: Running Lightmass w/ Mapping debug paddings DISABLED
[2017.06.03-04.07.48:067][448]Cmd: MAP CHECK DONTDISPLAYDIALOG
[2017.06.03-04.07.48:067][448]MapCheck: New page: MAIN - 4 Jun 2017 12:07:48 am
[2017.06.03-04.07.48:067][448]MapCheck:Error: Error WorldSettings_1 Maps need lighting rebuilt 
[2017.06.03-04.07.48:101][448]MapCheck: Info Map check complete: 1 Error(s), 0 Warning(s), took 34.108ms to complete.
[2017.06.03-04.07.48:123][448]LogEditorBuildUtils: Build time 0:05
[2017.06.03-04.07.49:507][500]Job is a success!
[2017.06.03-04.07.49:691][501]LogTexture:Display: Building textures: HQ_Lightmap0_1 (AutoDXT, 512X512)
[2017.06.03-04.07.49:691][501]LogTexture:Display: Building textures: HQ_Lightmap0_3 (AutoDXT, 64X64)
[2017.06.03-04.07.49:691][501]LogTexture:Display: Building textures: LQ_Lightmap_0_1 (DXT1, 512X512)
[2017.06.03-04.07.49:691][501]LogTexture:Display: Building textures: HQ_Lightmap0_2 (AutoDXT, 128X128)
[2017.06.03-04.07.49:691][501]LogTexture:Display: Building textures: LQ_Lightmap_0_2 (DXT1, 128X128)
[2017.06.03-04.07.49:691][501]LogTexture:Display: Building textures: LQ_Lightmap_0_3 (DXT1, 64X64)
[2017.06.03-04.07.49:691][501]LogTexture:Display: Building textures: ShadowMapTexture2D_7 (G8, 64X64)
[2017.06.03-04.07.49:691][501]LogTexture:Display: Building textures: ShadowMapTexture2D_8 (G8, 32X32)
[2017.06.03-04.07.49:691][501]LogTexture:Display: Building textures: ShadowMapTexture2D_6 (G8, 256X256)
[2017.06.03-04.07.49:718][501]Lightmass on DESKTOP-Q1BP53L: 945 ms total, 108 ms importing, 18 ms setup, 284 ms photons, 492 ms processing, 0 ms extra exporting [57/57 mappings]. Threads: 3.24 sec total, 835 ms processing.
[2017.06.03-04.07.49:729][501]LogStaticLightingSystem: Illumination: 6.20 sec (48 ms encoding lightmaps, 24 ms encoding shadowmaps)
[2017.06.03-04.07.49:729][501]LogStaticLightingSystem: Lightmap texture memory:  0.5 MB (0.0 MB streaming, 0.5 MB non-streaming), 6 textures
[2017.06.03-04.07.49:729][501]LogStaticLightingSystem: Shadowmap texture memory: 0.1 MB (0.0 MB streaming, 0.1 MB non-streaming), 3 textures
[2017.06.03-04.07.49:997][501]DumpUnbuiltLightIteractions
[2017.06.03-04.07.49:997][501]Lights with unbuilt interactions: 0
[2017.06.03-04.07.49:997][501]
[2017.06.03-04.07.49:997][501]Primitives with unbuilt interactions: 0
[2017.06.03-04.07.50:010][502]Cmd: MAP CHECK NOTIFYRESULTS
[2017.06.03-04.07.50:011][502]MapCheck: New page: MAIN - 4 Jun 2017 12:07:50 am
[2017.06.03-04.07.50:046][502]MapCheck: Info Map check complete: 0 Error(s), 0 Warning(s), took 35.432ms to complete.
[2017.06.03-04.08.08:144][935]MapCheck: New page: Map Check
[2017.06.03-04.08.08:181][935]Cmd: MAP REBUILD ALLVISIBLE
[2017.06.03-04.08.08:181][935]LogEditorServer: Rebuildmap Clear paths rebuilt
[2017.06.03-04.08.08:222][935]LogMaterial: Missing cached shader map for material FDebugViewModeMaterialProxy WorldGridMaterial, compiling. Is special engine material.
[2017.06.03-04.08.08:228][935]LogMaterial: Missing cached shader map for material FDebugViewModeMaterialProxy MaterialInstanceDynamic_5, compiling. 
[2017.06.03-04.08.08:234][935]LogMaterial: Missing cached shader map for material FDebugViewModeMaterialProxy MatineeCam_mat, compiling. 
[2017.06.03-04.08.08:643][935]TextureStreamingBuild:Display: Compiling optional shaders took 0.424 seconds.
[2017.06.03-04.08.08:646][935]LogLevel:Display: Export Material TexCoord Scales took 0.003 seconds.
[2017.06.03-04.08.08:652][935]TextureStreamingBuild:Display: Build Texture Streaming took 0.006 seconds.
[2017.06.03-04.08.08:665][935]LightingResults: New page: Lighting Build - 4 Jun 2017 12:08:08 am
[2017.06.03-04.08.08:670][935]LogSwarmInterface: [OpenConnection] Registering TCP channel ...
[2017.06.03-04.08.08:671][935]LogSwarmInterface: [OpenConnection] Connecting to agent ...
[2017.06.03-04.08.08:671][935]LogSwarmInterface: [TryOpenConnection] Testing the Agent
[2017.06.03-04.08.08:672][935]LogSwarmInterface: [TryOpenConnection] Opening Connection to Agent
[2017.06.03-04.08.08:672][935]LogSwarmInterface: [TryOpenConnection] Local Process ID is 11928
[2017.06.03-04.08.13:178][935]LogStaticLightingSystem:Warning: No importance volume found, so the scene bounding box was used.  You can optimize your scene's quality and lighting build times by adding importance volumes.
[2017.06.03-04.08.13:178][935]LogStaticLightingSystem: Running Lightmass w/ ImmediateImport mode ENABLED
[2017.06.03-04.08.13:178][935]LogStaticLightingSystem: Running Lightmass w/ ImmediateProcess mode ENABLED
[2017.06.03-04.08.13:178][935]LogStaticLightingSystem: Running Lightmass w/ Sorting mode ENABLED
[2017.06.03-04.08.13:178][935]LogStaticLightingSystem: Running Lightmass w/ Mapping paddings ENABLED
[2017.06.03-04.08.13:178][935]LogStaticLightingSystem: Running Lightmass w/ Mapping debug paddings DISABLED
[2017.06.03-04.08.13:253][935]Cmd: MAP CHECK DONTDISPLAYDIALOG
[2017.06.03-04.08.13:253][935]MapCheck: New page: MAIN - 4 Jun 2017 12:08:13 am
[2017.06.03-04.08.13:299][935]MapCheck: Info Map check complete: 0 Error(s), 0 Warning(s), took 45.072ms to complete.
[2017.06.03-04.08.13:321][935]LogEditorBuildUtils: Build time 0:05
[2017.06.03-04.08.14:605][991]Job is a success!
[2017.06.03-04.08.14:779][992]LogTexture:Display: Building textures: HQ_Lightmap1_1 (AutoDXT, 512X512)
[2017.06.03-04.08.14:779][992]LogTexture:Display: Building textures: LQ_Lightmap_1_1 (DXT1, 512X512)
[2017.06.03-04.08.14:779][992]LogTexture:Display: Building textures: HQ_Lightmap1_2 (AutoDXT, 128X128)
[2017.06.03-04.08.14:779][992]LogTexture:Display: Building textures: LQ_Lightmap_1_3 (DXT1, 64X64)
[2017.06.03-04.08.14:779][992]LogTexture:Display: Building textures: LQ_Lightmap_1_2 (DXT1, 128X128)
[2017.06.03-04.08.14:779][992]LogTexture:Display: Building textures: HQ_Lightmap1_3 (AutoDXT, 64X64)
[2017.06.03-04.08.14:779][992]LogTexture:Display: Building textures: ShadowMapTexture2D_10 (G8, 64X64)
[2017.06.03-04.08.14:779][992]LogTexture:Display: Building textures: ShadowMapTexture2D_11 (G8, 32X32)
[2017.06.03-04.08.14:779][992]LogTexture:Display: Building textures: ShadowMapTexture2D_9 (G8, 256X256)
[2017.06.03-04.08.14:806][992]Lightmass on DESKTOP-Q1BP53L: 851 ms total, 109 ms importing, 21 ms setup, 282 ms photons, 392 ms processing, 0 ms extra exporting [57/57 mappings]. Threads: 2.58 sec total, 724 ms processing.
[2017.06.03-04.08.14:817][992]LogStaticLightingSystem: Illumination: 6.11 sec (49 ms encoding lightmaps, 22 ms encoding shadowmaps)
[2017.06.03-04.08.14:817][992]LogStaticLightingSystem: Lightmap texture memory:  0.5 MB (0.0 MB streaming, 0.5 MB non-streaming), 6 textures
[2017.06.03-04.08.14:817][992]LogStaticLightingSystem: Shadowmap texture memory: 0.1 MB (0.0 MB streaming, 0.1 MB non-streaming), 3 textures
[2017.06.03-04.08.15:180][992]DumpUnbuiltLightIteractions
[2017.06.03-04.08.15:180][992]Lights with unbuilt interactions: 0
[2017.06.03-04.08.15:180][992]
[2017.06.03-04.08.15:180][992]Primitives with unbuilt interactions: 0
[2017.06.03-04.08.15:194][993]Cmd: MAP CHECK NOTIFYRESULTS
[2017.06.03-04.08.15:194][993]MapCheck: New page: MAIN - 4 Jun 2017 12:08:15 am
[2017.06.03-04.08.15:228][993]MapCheck: Info Map check complete: 0 Error(s), 0 Warning(s), took 33.979ms to complete.
[2017.06.03-04.08.26:501][ 13]LogEditorViewport: Clicking on Actor (LMB): StaticMeshActor (Box_Brush21_StaticMesh)
[2017.06.03-04.08.28:033][152]LogTemp: Repeting last play command: Selected Viewport
[2017.06.03-04.08.28:048][152]LogBlueprintUserMessages: Early PlayInEditor Detection: Level '/Game/MAIN.MAIN:PersistentLevel' has LevelScriptBlueprint '/Game/MAIN.MAIN:PersistentLevel.MAIN' with GeneratedClass '/Game/MAIN.MAIN_C' with ClassGeneratedBy '/Game/MAIN.MAIN:PersistentLevel.MAIN'
[2017.06.03-04.08.28:048][152]LogPlayLevel: PlayLevel: No blueprints needed recompiling
[2017.06.03-04.08.28:048][152]PIE: New page: PIE session: MAIN (4 Jun 2017 12:08:28 am)
[2017.06.03-04.08.28:048][152]LogPlayLevel: Creating play world package: /Game/UEDPIE_0_MAIN
[2017.06.03-04.08.28:056][152]LogPlayLevel: PIE: StaticDuplicateObject took: (0.007469s)
[2017.06.03-04.08.28:056][152]LogAIModule: Creating AISystem for world MAIN
[2017.06.03-04.08.28:057][152]LogPlayLevel: PIE: World Init took: (0.000671s)
[2017.06.03-04.08.28:057][152]LogPlayLevel: PIE: Created PIE world by copying editor world from /Game/MAIN.MAIN to /Game/UEDPIE_0_MAIN.MAIN (0.008394s)
[2017.06.03-04.08.28:081][152]LogInit: XAudio2 using 'Digital Output (ASUS Xonar DX Audio Device)' : 2 channels at 44.1 kHz using 16 bits per sample (channel mask 0x3)
[2017.06.03-04.08.28:086][152]LogInit: FAudioDevice initialized.
[2017.06.03-04.08.28:123][152]LogLoad: Game class is 'MyGame_C'
[2017.06.03-04.08.28:124][152]LogWorld: Bringing World /Game/UEDPIE_0_MAIN.MAIN up for play (max tick rate 0) at 2017.06.03-14.08.28
[2017.06.03-04.08.28:125][152]LogWorld: Bringing up level for play took: 0.001188
[2017.06.03-04.08.28:126][152]PIE: Info Play in editor start time for /Game/UEDPIE_0_MAIN -0.076
[2017.06.03-04.08.28:126][152]LogBlueprintUserMessages: Late PlayInEditor Detection: Level '/Game/MAIN.MAIN:PersistentLevel' has LevelScriptBlueprint '/Game/MAIN.MAIN:PersistentLevel.MAIN' with GeneratedClass '/Game/MAIN.MAIN_C' with ClassGeneratedBy '/Game/MAIN.MAIN:PersistentLevel.MAIN'
[2017.06.03-04.08.29:336][288]LogBlueprintUserMessages: Early EndPlayMap Detection: Level '/Game/MAIN.MAIN:PersistentLevel' has LevelScriptBlueprint '/Game/MAIN.MAIN:PersistentLevel.MAIN' with GeneratedClass '/Game/MAIN.MAIN_C' with ClassGeneratedBy '/Game/MAIN.MAIN:PersistentLevel.MAIN'
[2017.06.03-04.08.29:389][288]LogBlueprintUserMessages: Late EndPlayMap Detection: Level '/Game/MAIN.MAIN:PersistentLevel' has LevelScriptBlueprint '/Game/MAIN.MAIN:PersistentLevel.MAIN' with GeneratedClass '/Game/MAIN.MAIN_C' with ClassGeneratedBy '/Game/MAIN.MAIN:PersistentLevel.MAIN'
[2017.06.03-04.08.30:297][371]LogEditorViewport: Clicking on Actor (LMB): StaticMeshActor (Box_Brush21_StaticMesh)
[2017.06.03-04.08.31:013][439]Cmd: DELETE
[2017.06.03-04.08.31:013][439]Cmd: ACTOR DELETE
[2017.06.03-04.08.31:014][439]LogEditorActor: Deleted Actor: StaticMeshActor
[2017.06.03-04.08.31:031][439]LogEditorActor: Deleted 1 Actors (0.018 secs)
[2017.06.03-04.08.32:389][570]LogTemp: Repeting last play command: Selected Viewport
[2017.06.03-04.08.32:402][570]LogBlueprintUserMessages: Early PlayInEditor Detection: Level '/Game/MAIN.MAIN:PersistentLevel' has LevelScriptBlueprint '/Game/MAIN.MAIN:PersistentLevel.MAIN' with GeneratedClass '/Game/MAIN.MAIN_C' with ClassGeneratedBy '/Game/MAIN.MAIN:PersistentLevel.MAIN'
[2017.06.03-04.08.32:402][570]LogPlayLevel: PlayLevel: No blueprints needed recompiling
[2017.06.03-04.08.32:402][570]PIE: New page: PIE session: MAIN (4 Jun 2017 12:08:32 am)
[2017.06.03-04.08.32:402][570]LogPlayLevel: Creating play world package: /Game/UEDPIE_0_MAIN
[2017.06.03-04.08.32:408][570]LogPlayLevel: PIE: StaticDuplicateObject took: (0.005571s)
[2017.06.03-04.08.32:408][570]LogAIModule: Creating AISystem for world MAIN
[2017.06.03-04.08.32:408][570]LogPlayLevel: PIE: World Init took: (0.000531s)
[2017.06.03-04.08.32:408][570]LogPlayLevel: PIE: Created PIE world by copying editor world from /Game/MAIN.MAIN to /Game/UEDPIE_0_MAIN.MAIN (0.006283s)
[2017.06.03-04.08.32:430][570]LogInit: XAudio2 using 'Digital Output (ASUS Xonar DX Audio Device)' : 2 channels at 44.1 kHz using 16 bits per sample (channel mask 0x3)
[2017.06.03-04.08.32:435][570]LogInit: FAudioDevice initialized.
[2017.06.03-04.08.32:470][570]LogLoad: Game class is 'MyGame_C'
[2017.06.03-04.08.32:472][570]LogWorld: Bringing World /Game/UEDPIE_0_MAIN.MAIN up for play (max tick rate 0) at 2017.06.03-14.08.32
[2017.06.03-04.08.32:472][570]LogWorld: Bringing up level for play took: 0.001172
[2017.06.03-04.08.32:473][570]PIE: Info Play in editor start time for /Game/UEDPIE_0_MAIN 0.271
[2017.06.03-04.08.32:474][570]LogBlueprintUserMessages: Late PlayInEditor Detection: Level '/Game/MAIN.MAIN:PersistentLevel' has LevelScriptBlueprint '/Game/MAIN.MAIN:PersistentLevel.MAIN' with GeneratedClass '/Game/MAIN.MAIN_C' with ClassGeneratedBy '/Game/MAIN.MAIN:PersistentLevel.MAIN'
[2017.06.03-04.08.33:365][670]LogBlueprintUserMessages: Early EndPlayMap Detection: Level '/Game/MAIN.MAIN:PersistentLevel' has LevelScriptBlueprint '/Game/MAIN.MAIN:PersistentLevel.MAIN' with GeneratedClass '/Game/MAIN.MAIN_C' with ClassGeneratedBy '/Game/MAIN.MAIN:PersistentLevel.MAIN'
[2017.06.03-04.08.33:401][670]LogBlueprintUserMessages: Late EndPlayMap Detection: Level '/Game/MAIN.MAIN:PersistentLevel' has LevelScriptBlueprint '/Game/MAIN.MAIN:PersistentLevel.MAIN' with GeneratedClass '/Game/MAIN.MAIN_C' with ClassGeneratedBy '/Game/MAIN.MAIN:PersistentLevel.MAIN'
[2017.06.03-04.08.34:103][733]LogEditorViewport: Clicking on Actor (LMB): Player_C (Player)
[2017.06.03-04.08.34:864][801]Cmd: DELETE
[2017.06.03-04.08.34:864][801]Cmd: ACTOR DELETE
[2017.06.03-04.08.34:865][801]LogEditorActor: Deleted Actor: Player_C
[2017.06.03-04.08.34:880][801]LogEditorActor: Deleted 1 Actors (0.016 secs)
[2017.06.03-04.08.35:407][855]LogEditorViewport: Clicking on Actor (LMB): Player2_C (Player2)
[2017.06.03-04.08.35:566][865]Cmd: DELETE
[2017.06.03-04.08.35:566][865]Cmd: ACTOR DELETE
[2017.06.03-04.08.35:567][865]LogEditorActor: Deleted Actor: Player2_C
[2017.06.03-04.08.35:580][865]LogEditorActor: Deleted 1 Actors (0.014 secs)
[2017.06.03-04.08.37:646][ 68]Cmd: OBJ SAVEPACKAGE PACKAGE="/Game/MAIN" FILE="C:/Users/Sussane/Documents/Unreal Projects/MAIN/Content/MAIN.umap" SILENT=true AUTOSAVING=false KEEPDIRTY=false
[2017.06.03-04.08.37:814][ 68]LogSavePackage: Save=149.63ms
[2017.06.03-04.08.37:815][ 68]LogSavePackage: Moving 'C:/Users/Sussane/Documents/Unreal Projects/MAIN/Saved/MAIN3A2772054280BBC499706A9BCE7FB0E2.tmp' to 'C:/Users/Sussane/Documents/Unreal Projects/MAIN/Content/MAIN.umap'
[2017.06.03-04.08.37:817][ 68]LogSavePackage:Display: Finished SavePackage C:/Users/Sussane/Documents/Unreal Projects/MAIN/Content/MAIN.umap
[2017.06.03-04.08.37:840][ 68]Cmd: OBJ SAVEPACKAGE PACKAGE="/Game/MAIN_BuiltData" FILE="C:/Users/Sussane/Documents/Unreal Projects/MAIN/Content/MAIN_BuiltData.uasset" SILENT=true
[2017.06.03-04.08.37:868][ 68]LogSavePackage: Save=23.18ms
[2017.06.03-04.08.37:868][ 68]LogSavePackage: Moving 'C:/Users/Sussane/Documents/Unreal Projects/MAIN/Saved/MAIN_BuiltData33771A674A18786F03BC328DBD9632AF.tmp' to 'C:/Users/Sussane/Documents/Unreal Projects/MAIN/Content/MAIN_BuiltData.uasset'
[2017.06.03-04.08.37:870][ 68]LogSavePackage:Display: Finished SavePackage C:/Users/Sussane/Documents/Unreal Projects/MAIN/Content/MAIN_BuiltData.uasset
[2017.06.03-04.08.38:543][131]MapCheck: New page: Map Check
[2017.06.03-04.08.38:581][131]Cmd: MAP REBUILD ALLVISIBLE
[2017.06.03-04.08.38:581][131]LogEditorServer: Rebuildmap Clear paths rebuilt
[2017.06.03-04.08.38:619][131]LogMaterial: Missing cached shader map for material FDebugViewModeMaterialProxy WorldGridMaterial, compiling. Is special engine material.
[2017.06.03-04.08.38:624][131]LogMaterial: Missing cached shader map for material FDebugViewModeMaterialProxy MaterialInstanceDynamic_6, compiling. 
[2017.06.03-04.08.38:630][131]LogMaterial: Missing cached shader map for material FDebugViewModeMaterialProxy MatineeCam_mat, compiling. 
[2017.06.03-04.08.39:052][131]TextureStreamingBuild:Display: Compiling optional shaders took 0.437 seconds.
[2017.06.03-04.08.39:057][131]LogLevel:Display: Export Material TexCoord Scales took 0.005 seconds.
[2017.06.03-04.08.39:062][131]TextureStreamingBuild:Display: Build Texture Streaming took 0.005 seconds.
[2017.06.03-04.08.39:073][131]LightingResults: New page: Lighting Build - 4 Jun 2017 12:08:39 am
[2017.06.03-04.08.39:078][131]LogSwarmInterface: [OpenConnection] Registering TCP channel ...
[2017.06.03-04.08.39:080][131]LogSwarmInterface: [OpenConnection] Connecting to agent ...
[2017.06.03-04.08.39:080][131]LogSwarmInterface: [TryOpenConnection] Testing the Agent
[2017.06.03-04.08.39:081][131]LogSwarmInterface: [TryOpenConnection] Opening Connection to Agent
[2017.06.03-04.08.39:081][131]LogSwarmInterface: [TryOpenConnection] Local Process ID is 11928
[2017.06.03-04.08.43:588][131]LogStaticLightingSystem:Warning: No importance volume found, so the scene bounding box was used.  You can optimize your scene's quality and lighting build times by adding importance volumes.
[2017.06.03-04.08.43:588][131]LogStaticLightingSystem: Running Lightmass w/ ImmediateImport mode ENABLED
[2017.06.03-04.08.43:588][131]LogStaticLightingSystem: Running Lightmass w/ ImmediateProcess mode ENABLED
[2017.06.03-04.08.43:588][131]LogStaticLightingSystem: Running Lightmass w/ Sorting mode ENABLED
[2017.06.03-04.08.43:588][131]LogStaticLightingSystem: Running Lightmass w/ Mapping paddings ENABLED
[2017.06.03-04.08.43:588][131]LogStaticLightingSystem: Running Lightmass w/ Mapping debug paddings DISABLED
[2017.06.03-04.08.43:669][131]Cmd: MAP CHECK DONTDISPLAYDIALOG
[2017.06.03-04.08.43:669][131]MapCheck: New page: MAIN - 4 Jun 2017 12:08:43 am
[2017.06.03-04.08.43:708][131]MapCheck: Info Map check complete: 0 Error(s), 0 Warning(s), took 38.845ms to complete.
[2017.06.03-04.08.43:730][131]LogEditorBuildUtils: Build time 0:05
[2017.06.03-04.08.45:108][181]Job is a success!
[2017.06.03-04.08.45:606][182]LogTexture:Display: Building textures: HQ_Lightmap0_1 (AutoDXT, 512X512)
[2017.06.03-04.08.45:606][182]LogTexture:Display: Building textures: LQ_Lightmap_0_1 (DXT1, 512X512)
[2017.06.03-04.08.45:606][182]LogTexture:Display: Building textures: HQ_Lightmap0_2 (AutoDXT, 64X64)
[2017.06.03-04.08.45:606][182]LogTexture:Display: Building textures: LQ_Lightmap_0_2 (DXT1, 64X64)
[2017.06.03-04.08.45:606][182]LogTexture:Display: Building textures: ShadowMapTexture2D_13 (G8, 32X32)
[2017.06.03-04.08.45:606][182]LogTexture:Display: Building textures: ShadowMapTexture2D_12 (G8, 256X256)
[2017.06.03-04.08.45:631][182]Lightmass on DESKTOP-Q1BP53L: 1.30 sec total, 95 ms importing, 21 ms setup, 278 ms photons, 866 ms processing, 0 ms extra exporting [56/56 mappings]. Threads: 5.90 sec total, 648 ms processing.
[2017.06.03-04.08.45:638][182]LogStaticLightingSystem: Illumination: 6.21 sec (52 ms encoding lightmaps, 21 ms encoding shadowmaps)
[2017.06.03-04.08.45:638][182]LogStaticLightingSystem: Lightmap texture memory:  0.5 MB (0.0 MB streaming, 0.5 MB non-streaming), 4 textures
[2017.06.03-04.08.45:638][182]LogStaticLightingSystem: Shadowmap texture memory: 0.1 MB (0.0 MB streaming, 0.1 MB non-streaming), 2 textures
[2017.06.03-04.08.46:590][182]DumpUnbuiltLightIteractions
[2017.06.03-04.08.46:590][182]Lights with unbuilt interactions: 0
[2017.06.03-04.08.46:590][182]
[2017.06.03-04.08.46:590][182]Primitives with unbuilt interactions: 0
[2017.06.03-04.08.46:596][183]Cmd: MAP CHECK NOTIFYRESULTS
[2017.06.03-04.08.46:596][183]MapCheck: New page: MAIN - 4 Jun 2017 12:08:46 am
[2017.06.03-04.08.46:636][183]MapCheck: Info Map check complete: 0 Error(s), 0 Warning(s), took 39.835ms to complete.
[2017.06.03-04.08.55:174][292]LogTemp: Repeting last play command: Selected Viewport
[2017.06.03-04.08.55:186][292]LogBlueprintUserMessages: Early PlayInEditor Detection: Level '/Game/MAIN.MAIN:PersistentLevel' has LevelScriptBlueprint '/Game/MAIN.MAIN:PersistentLevel.MAIN' with GeneratedClass '/Game/MAIN.MAIN_C' with ClassGeneratedBy '/Game/MAIN.MAIN:PersistentLevel.MAIN'
[2017.06.03-04.08.55:186][292]LogPlayLevel: PlayLevel: No blueprints needed recompiling
[2017.06.03-04.08.55:187][292]PIE: New page: PIE session: MAIN (4 Jun 2017 12:08:55 am)
[2017.06.03-04.08.55:187][292]LogPlayLevel: Creating play world package: /Game/UEDPIE_0_MAIN
[2017.06.03-04.08.55:192][292]LogPlayLevel: PIE: StaticDuplicateObject took: (0.005468s)
[2017.06.03-04.08.55:193][292]LogAIModule: Creating AISystem for world MAIN
[2017.06.03-04.08.55:193][292]LogPlayLevel: PIE: World Init took: (0.000593s)
[2017.06.03-04.08.55:193][292]LogPlayLevel: PIE: Created PIE world by copying editor world from /Game/MAIN.MAIN to /Game/UEDPIE_0_MAIN.MAIN (0.006342s)
[2017.06.03-04.08.55:218][292]LogInit: XAudio2 using 'Digital Output (ASUS Xonar DX Audio Device)' : 2 channels at 44.1 kHz using 16 bits per sample (channel mask 0x3)
[2017.06.03-04.08.55:222][292]LogInit: FAudioDevice initialized.
[2017.06.03-04.08.55:255][292]LogLoad: Game class is 'MyGame_C'
[2017.06.03-04.08.55:257][292]LogWorld: Bringing World /Game/UEDPIE_0_MAIN.MAIN up for play (max tick rate 0) at 2017.06.03-14.08.55
[2017.06.03-04.08.55:257][292]LogWorld: Bringing up level for play took: 0.000801
[2017.06.03-04.08.55:258][292]PIE: Info Play in editor start time for /Game/UEDPIE_0_MAIN 1.056
[2017.06.03-04.08.55:258][292]LogBlueprintUserMessages: Late PlayInEditor Detection: Level '/Game/MAIN.MAIN:PersistentLevel' has LevelScriptBlueprint '/Game/MAIN.MAIN:PersistentLevel.MAIN' with GeneratedClass '/Game/MAIN.MAIN_C' with ClassGeneratedBy '/Game/MAIN.MAIN:PersistentLevel.MAIN'
[2017.06.03-04.09.20:281][193]LogBlueprintUserMessages: Early EndPlayMap Detection: Level '/Game/MAIN.MAIN:PersistentLevel' has LevelScriptBlueprint '/Game/MAIN.MAIN:PersistentLevel.MAIN' with GeneratedClass '/Game/MAIN.MAIN_C' with ClassGeneratedBy '/Game/MAIN.MAIN:PersistentLevel.MAIN'
[2017.06.03-04.09.20:314][193]LogBlueprintUserMessages: Late EndPlayMap Detection: Level '/Game/MAIN.MAIN:PersistentLevel' has LevelScriptBlueprint '/Game/MAIN.MAIN:PersistentLevel.MAIN' with GeneratedClass '/Game/MAIN.MAIN_C' with ClassGeneratedBy '/Game/MAIN.MAIN:PersistentLevel.MAIN'
[2017.06.03-04.09.40:523][290]LogRenderer: Reallocating scene render targets to support 1208x900 NumSamples 1 (Frame:1).
[2017.06.03-04.10.27:755][856]BlueprintLog: New page: Compile MyPlayerController
[2017.06.03-04.10.27:762][856]LogBlueprint:Error: [Compiler MyPlayerController] Error Spawn node  SpawnActor NONE  must have a  Class  specified.
[2017.06.03-04.10.27:985][856]BlueprintEditorCompileResults:Error: Error Spawn node  SpawnActor NONE  must have a  Class  specified.
[2017.06.03-04.10.27:986][856]LogBlueprint:Warning: [Compiler MyPlayerController] Warning [0279.58] Compile of MyPlayerController failed. 1 Fatal Issue(s) 0 Warning(s) [in 230 ms] (/Game/Blueprints/MyPlayerController.MyPlayerController)
[2017.06.03-04.10.40:651][782]BlueprintLog: New page: Compile MyPlayerController
[2017.06.03-04.10.41:452][833]Cmd: OBJ SAVEPACKAGE PACKAGE="/Game/Blueprints/MyPlayerController" FILE="C:/Users/Sussane/Documents/Unreal Projects/MAIN/Content/Blueprints/MyPlayerController.uasset" SILENT=true
[2017.06.03-04.10.41:484][833]LogSavePackage: Save=19.93ms
[2017.06.03-04.10.41:484][833]LogSavePackage: Moving 'C:/Users/Sussane/Documents/Unreal Projects/MAIN/Saved/MyPlayerControllerEEB5EFC34B5BE924CDD3B688B25562F8.tmp' to 'C:/Users/Sussane/Documents/Unreal Projects/MAIN/Content/Blueprints/MyPlayerController.uasset'
[2017.06.03-04.10.41:486][833]LogSavePackage:Display: Finished SavePackage C:/Users/Sussane/Documents/Unreal Projects/MAIN/Content/Blueprints/MyPlayerController.uasset
[2017.06.03-04.11.01:563][960]LogTemp: Repeting last play command: Selected Viewport
[2017.06.03-04.11.01:584][960]LogBlueprintUserMessages: Early PlayInEditor Detection: Level '/Game/MAIN.MAIN:PersistentLevel' has LevelScriptBlueprint '/Game/MAIN.MAIN:PersistentLevel.MAIN' with GeneratedClass '/Game/MAIN.MAIN_C' with ClassGeneratedBy '/Game/MAIN.MAIN:PersistentLevel.MAIN'
[2017.06.03-04.11.01:584][960]LogPlayLevel: PlayLevel: No blueprints needed recompiling
[2017.06.03-04.11.01:584][960]PIE: New page: PIE session: MAIN (4 Jun 2017 12:11:01 am)
[2017.06.03-04.11.01:584][960]LogPlayLevel: Creating play world package: /Game/UEDPIE_0_MAIN
[2017.06.03-04.11.01:590][960]LogPlayLevel: PIE: StaticDuplicateObject took: (0.005494s)
[2017.06.03-04.11.01:590][960]LogAIModule: Creating AISystem for world MAIN
[2017.06.03-04.11.01:591][960]LogPlayLevel: PIE: World Init took: (0.000668s)
[2017.06.03-04.11.01:591][960]LogPlayLevel: PIE: Created PIE world by copying editor world from /Game/MAIN.MAIN to /Game/UEDPIE_0_MAIN.MAIN (0.006405s)
[2017.06.03-04.11.01:617][960]LogInit: XAudio2 using 'Digital Output (ASUS Xonar DX Audio Device)' : 2 channels at 44.1 kHz using 16 bits per sample (channel mask 0x3)
[2017.06.03-04.11.01:621][960]LogInit: FAudioDevice initialized.
[2017.06.03-04.11.01:651][960]LogLoad: Game class is 'MyGame_C'
[2017.06.03-04.11.01:653][960]LogWorld: Bringing World /Game/UEDPIE_0_MAIN.MAIN up for play (max tick rate 0) at 2017.06.03-14.11.01
[2017.06.03-04.11.01:653][960]LogWorld: Bringing up level for play took: 0.000994
[2017.06.03-04.11.01:870][960]LogSpawn:Warning: SpawnActor failed because of collision at the spawn location [X=48.000 Y=-0.000 Z=350.000] for [Player2_C]
[2017.06.03-04.11.01:871][960]PIE: Info Play in editor start time for /Game/UEDPIE_0_MAIN -0.332
[2017.06.03-04.11.01:871][960]LogBlueprintUserMessages: Late PlayInEditor Detection: Level '/Game/MAIN.MAIN:PersistentLevel' has LevelScriptBlueprint '/Game/MAIN.MAIN:PersistentLevel.MAIN' with GeneratedClass '/Game/MAIN.MAIN_C' with ClassGeneratedBy '/Game/MAIN.MAIN:PersistentLevel.MAIN'
[2017.06.03-04.11.05:984][411]LogBlueprintUserMessages: Early EndPlayMap Detection: Level '/Game/MAIN.MAIN:PersistentLevel' has LevelScriptBlueprint '/Game/MAIN.MAIN:PersistentLevel.MAIN' with GeneratedClass '/Game/MAIN.MAIN_C' with ClassGeneratedBy '/Game/MAIN.MAIN:PersistentLevel.MAIN'
[2017.06.03-04.11.06:022][411]LogBlueprintUserMessages: Late EndPlayMap Detection: Level '/Game/MAIN.MAIN:PersistentLevel' has LevelScriptBlueprint '/Game/MAIN.MAIN:PersistentLevel.MAIN' with GeneratedClass '/Game/MAIN.MAIN_C' with ClassGeneratedBy '/Game/MAIN.MAIN:PersistentLevel.MAIN'
[2017.06.03-04.11.08:631][586]LogTemp: Repeting last play command: Selected Viewport
[2017.06.03-04.11.08:648][586]LogBlueprintUserMessages: Early PlayInEditor Detection: Level '/Game/MAIN.MAIN:PersistentLevel' has LevelScriptBlueprint '/Game/MAIN.MAIN:PersistentLevel.MAIN' with GeneratedClass '/Game/MAIN.MAIN_C' with ClassGeneratedBy '/Game/MAIN.MAIN:PersistentLevel.MAIN'
[2017.06.03-04.11.08:648][586]LogPlayLevel: PlayLevel: No blueprints needed recompiling
[2017.06.03-04.11.08:648][586]PIE: New page: PIE session: MAIN (4 Jun 2017 12:11:08 am)
[2017.06.03-04.11.08:648][586]LogPlayLevel: Creating play world package: /Game/UEDPIE_0_MAIN
[2017.06.03-04.11.08:654][586]LogPlayLevel: PIE: StaticDuplicateObject took: (0.005748s)
[2017.06.03-04.11.08:655][586]LogAIModule: Creating AISystem for world MAIN
[2017.06.03-04.11.08:655][586]LogPlayLevel: PIE: World Init took: (0.000731s)
[2017.06.03-04.11.08:655][586]LogPlayLevel: PIE: Created PIE world by copying editor world from /Game/MAIN.MAIN to /Game/UEDPIE_0_MAIN.MAIN (0.006694s)
[2017.06.03-04.11.08:690][586]LogInit: XAudio2 using 'Digital Output (ASUS Xonar DX Audio Device)' : 2 channels at 44.1 kHz using 16 bits per sample (channel mask 0x3)
[2017.06.03-04.11.08:698][586]LogInit: FAudioDevice initialized.
[2017.06.03-04.11.08:736][586]LogLoad: Game class is 'MyGame_C'
[2017.06.03-04.11.08:737][586]LogWorld: Bringing World /Game/UEDPIE_0_MAIN.MAIN up for play (max tick rate 0) at 2017.06.03-14.11.08
[2017.06.03-04.11.08:737][586]LogWorld: Bringing up level for play took: 0.000910
[2017.06.03-04.11.08:740][586]LogSpawn:Warning: SpawnActor failed because of collision at the spawn location [X=48.000 Y=-0.000 Z=350.000] for [Player2_C]
[2017.06.03-04.11.08:740][586]PIE: Info Play in editor start time for /Game/UEDPIE_0_MAIN 0.537
[2017.06.03-04.11.08:740][586]LogBlueprintUserMessages: Late PlayInEditor Detection: Level '/Game/MAIN.MAIN:PersistentLevel' has LevelScriptBlueprint '/Game/MAIN.MAIN:PersistentLevel.MAIN' with GeneratedClass '/Game/MAIN.MAIN_C' with ClassGeneratedBy '/Game/MAIN.MAIN:PersistentLevel.MAIN'
[2017.06.03-04.11.10:991][831]LogBlueprintUserMessages: Early EndPlayMap Detection: Level '/Game/MAIN.MAIN:PersistentLevel' has LevelScriptBlueprint '/Game/MAIN.MAIN:PersistentLevel.MAIN' with GeneratedClass '/Game/MAIN.MAIN_C' with ClassGeneratedBy '/Game/MAIN.MAIN:PersistentLevel.MAIN'
[2017.06.03-04.11.11:030][831]LogBlueprintUserMessages: Late EndPlayMap Detection: Level '/Game/MAIN.MAIN:PersistentLevel' has LevelScriptBlueprint '/Game/MAIN.MAIN:PersistentLevel.MAIN' with GeneratedClass '/Game/MAIN.MAIN_C' with ClassGeneratedBy '/Game/MAIN.MAIN:PersistentLevel.MAIN'
[2017.06.03-04.11.13:536][968]Cmd: OBJ SAVEPACKAGE PACKAGE="/Game/MAIN" FILE="C:/Users/Sussane/Documents/Unreal Projects/MAIN/Content/MAIN.umap" SILENT=true AUTOSAVING=false KEEPDIRTY=false
[2017.06.03-04.11.13:722][968]LogSavePackage: Save=164.12ms
[2017.06.03-04.11.13:722][968]LogSavePackage: Moving 'C:/Users/Sussane/Documents/Unreal Projects/MAIN/Saved/MAINE17DE51D4F239F62061484B841E3EDA6.tmp' to 'C:/Users/Sussane/Documents/Unreal Projects/MAIN/Content/MAIN.umap'
[2017.06.03-04.11.13:725][968]LogSavePackage:Display: Finished SavePackage C:/Users/Sussane/Documents/Unreal Projects/MAIN/Content/MAIN.umap
[2017.06.03-04.11.13:745][968]Cmd: OBJ SAVEPACKAGE PACKAGE="/Game/MAIN_BuiltData" FILE="C:/Users/Sussane/Documents/Unreal Projects/MAIN/Content/MAIN_BuiltData.uasset" SILENT=true
[2017.06.03-04.11.13:771][968]LogSavePackage: Save=22.51ms
[2017.06.03-04.11.13:771][968]LogSavePackage: Moving 'C:/Users/Sussane/Documents/Unreal Projects/MAIN/Saved/MAIN_BuiltData497C855642B3CCA7188D7B8F0136DF2D.tmp' to 'C:/Users/Sussane/Documents/Unreal Projects/MAIN/Content/MAIN_BuiltData.uasset'
[2017.06.03-04.11.13:774][968]LogSavePackage:Display: Finished SavePackage C:/Users/Sussane/Documents/Unreal Projects/MAIN/Content/MAIN_BuiltData.uasset
[2017.06.03-04.11.59:787][ 28]LogBlueprint:Warning: Timeline Timeline_0 Track Runspeed in /Game/Blueprints/Player.Player_C has an invalid curve.  Please fix!
[2017.06.03-04.12.00:054][ 28]LogCrashTracker: 


[2017.06.03-04.12.00:054][ 28]LogCrashTracker: 


[2017.06.03-04.12.00:054][ 28]LogWindows:Error: === Critical error: ===
[2017.06.03-04.12.00:054][ 28]LogWindows:Error: 
[2017.06.03-04.12.00:054][ 28]LogWindows:Error: Fatal error!
[2017.06.03-04.12.00:054][ 28]LogWindows:Error: 
[2017.06.03-04.12.00:054][ 28]LogWindows:Error: Unhandled Exception: EXCEPTION_ACCESS_VIOLATION reading address 0x00000028
[2017.06.03-04.12.00:054][ 28]LogWindows:Error: 
[2017.06.03-04.12.00:054][ 28]LogWindows:Error: UE4Editor-BlueprintGraph.dll!0x0000000027ABCF0D
[2017.06.03-04.12.00:054][ 28]LogWindows:Error: UE4Editor-UnrealEd.dll!0x0000000029B22B0D
[2017.06.03-04.12.00:054][ 28]LogWindows:Error: UE4Editor-UnrealEd.dll!0x0000000029B0A4A0
[2017.06.03-04.12.00:054][ 28]LogWindows:Error: UE4Editor-Kismet.dll!0x00000000286645CD
[2017.06.03-04.12.00:054][ 28]LogWindows:Error: UE4Editor-Kismet.dll!0x00000000286643AF
[2017.06.03-04.12.00:054][ 28]LogWindows:Error: UE4Editor-Kismet.dll!0x00000000285F0961
[2017.06.03-04.12.00:054][ 28]LogWindows:Error: UE4Editor-Kismet.dll!0x00000000285F55A6
[2017.06.03-04.12.00:054][ 28]LogWindows:Error: UE4Editor-Slate.dll!0x000000002AF2EB50
[2017.06.03-04.12.00:054][ 28]LogWindows:Error: UE4Editor-Slate.dll!0x000000002AF73D60
[2017.06.03-04.12.00:054][ 28]LogWindows:Error: UE4Editor-GraphEditor.dll!0x0000000026DCFDBD
[2017.06.03-04.12.00:054][ 28]LogWindows:Error: UE4Editor-Slate.dll!0x000000002AF19021
[2017.06.03-04.12.00:054][ 28]LogWindows:Error: UE4Editor-Slate.dll!0x000000002AEE840E
[2017.06.03-04.12.00:054][ 28]LogWindows:Error: UE4Editor-Slate.dll!0x000000002AEEA006
[2017.06.03-04.12.00:054][ 28]LogWindows:Error: UE4Editor-Slate.dll!0x000000002AF755AD
[2017.06.03-04.12.00:054][ 28]LogWindows:Error: UE4Editor-Slate.dll!0x000000002AF66518
[2017.06.03-04.12.00:054][ 28]LogWindows:Error: UE4Editor-Core.dll!0x000000004B4213AC
[2017.06.03-04.12.00:054][ 28]LogWindows:Error: UE4Editor-Core.dll!0x000000004B40B6E1
[2017.06.03-04.12.00:054][ 28]LogWindows:Error: UE4Editor-Core.dll!0x000000004B4232EB
[2017.06.03-04.12.00:054][ 28]LogWindows:Error: UE4Editor-Core.dll!0x000000004B407A32
[2017.06.03-04.12.00:054][ 28]LogWindows:Error: USER32.dll!0x0000000065391C24
[2017.06.03-04.12.00:054][ 28]LogWindows:Error: USER32.dll!0x000000006539156C
[2017.06.03-04.12.00:054][ 28]LogWindows:Error: UE4Editor-Core.dll!0x000000004B423BF6
[2017.06.03-04.12.00:054][ 28]LogWindows:Error: UE4Editor.exe!0x000000007FECDB44
[2017.06.03-04.12.00:054][ 28]LogWindows:Error: UE4Editor.exe!0x000000007FEBF0B0
[2017.06.03-04.12.00:054][ 28]LogWindows:Error: UE4Editor.exe!0x000000007FEBF12A
[2017.06.03-04.12.00:054][ 28]LogWindows:Error: UE4Editor.exe!0x000000007FED0CF9
[2017.06.03-04.12.00:054][ 28]LogWindows:Error: UE4Editor.exe!0x000000007FED25F7
[2017.06.03-04.12.00:054][ 28]LogWindows:Error: KERNEL32.DLL!0x0000000064E68364
[2017.06.03-04.12.00:054][ 28]LogWindows:Error: ntdll.dll!0x0000000065D170D1
[2017.06.03-04.12.00:054][ 28]LogWindows:Error: ntdll.dll!0x0000000065D170D1
[2017.06.03-04.12.00:054][ 28]LogWindows:Error: 
[2017.06.03-04.12.00:062][ 28]LogExit: Executing StaticShutdownAfterError
[2017.06.03-04.12.00:066][ 28]LogWindows: FPlatformMisc::RequestExit(1)
[2017.06.03-04.12.00:066][ 28]Log file closed, 06/03/17 14:12:00
