Log file open, 06/03/17 13:44:50
LogInit:Display: Running engine for game: MAIN
LogPlatformFile: Not using cached read wrapper
LogInit:Display: RandInit(71546327) SRandInit(71546327).
LogTaskGraph: Started task graph with 5 named threads and 8 total threads with 1 sets of task threads.
LogStats: Stats thread started at 0.300490
LogInit: Using libcurl 7.47.1
LogInit:  - built for x86_64-pc-win32
LogInit:  - supports SSL with OpenSSL/1.0.2g
LogInit:  - supports HTTP deflate (compression) using libz 1.2.8
LogInit:  - other features:
LogInit:      CURL_VERSION_SSL
LogInit:      CURL_VERSION_LIBZ
LogInit:      CURL_VERSION_IPV6
LogInit:      CURL_VERSION_ASYNCHDNS
LogInit:      CURL_VERSION_LARGEFILE
LogInit:      CURL_VERSION_IDN
LogInit:  CurlRequestOptions (configurable via config and command line):
LogInit:  - bVerifyPeer = false  - Libcurl will NOT verify peer certificate
LogInit:  - bUseHttpProxy = false  - Libcurl will NOT use HTTP proxy
LogInit:  - bDontReuseConnections = false  - Libcurl will reuse connections
LogInit:  - CertBundlePath = nullptr  - Libcurl will use whatever was configured at build time.
LogInit: Build: ++UE4+Release-4.16-CL-3466753
LogInit: Engine Version: 4.16.1-3466753+++UE4+Release-4.16
LogInit: Compatible Engine Version: 4.16.0-3452394+++UE4+Release-4.16
LogInit: Net CL: 3452394
LogDevObjectVersion: Number of dev versions registered: 16
LogDevObjectVersion:   Dev-Blueprints (B0D832E4-1F89-4F0D-ACCF-7EB736FD4AA2): 9
LogDevObjectVersion:   Dev-Build (E1C64328-A22C-4D53-A36C-8E866417BD8C): 0
LogDevObjectVersion:   Dev-Core (375EC13C-06E4-48FB-B500-84F0262A717E): 2
LogDevObjectVersion:   Dev-Editor (E4B068ED-F494-42E9-A231-DA0B2E46BB41): 17
LogDevObjectVersion:   Dev-Framework (CFFC743F-43B0-4480-9391-14DF171D2073): 23
LogDevObjectVersion:   Dev-Mobile (B02B49B5-BB20-44E9-A304-32B752E40360): 0
LogDevObjectVersion:   Dev-Networking (A4E4105C-59A1-49B5-A7C5-40C4547EDFEE): 0
LogDevObjectVersion:   Dev-Online (39C831C9-5AE6-47DC-9A44-9C173E1C8E7C): 0
LogDevObjectVersion:   Dev-Physics (78F01B33-EBEA-4F98-B9B4-84EACCB95AA2): 0
LogDevObjectVersion:   Dev-Platform (6631380F-2D4D-43E0-8009-CF276956A95A): 0
LogDevObjectVersion:   Dev-Rendering (12F88B9F-8875-4AFC-A67C-D90C383ABD29): 15
LogDevObjectVersion:   Dev-Sequencer (7B5AE74C-D270-4C10-A958-57980B212A5A): 4
LogDevObjectVersion:   Dev-VR (D7296918-1DD6-4BDD-9DE2-64A83CC13884): 0
LogDevObjectVersion:   Dev-LoadTimes (C2A15278-BFE7-4AFE-6C17-90FF531DF755): 1
LogDevObjectVersion:   Private-Geometry (6EACA3D4-40EC-4CC1-B786-8BED09428FC5): 1
LogDevObjectVersion:   Dev-AnimPhys (29E575DD-E0A3-4627-9D10-D276232CDCEA): 3
LogInit: Compiled (64-bit): May 31 2017 02:03:30
LogInit: Compiled with Visual C++: 19.00.24215.01
LogInit: Build Configuration: Development
LogInit: Branch Name: ++UE4+Release-4.16
LogInit: Command line:  
LogInit: Base directory: D:/unreallengine/UE_4.16/Engine/Binaries/Win64/
LogInit: Installed Engine Build: 1
LogInit: Presizing for max 8388607 objects, including 0 objects not considered by GC, pre-allocating 0 bytes for permanent pool.
LogInit: Object subsystem initialized
[2017.06.03-03.44.50:786][  0]LogInit: Selected Device Profile: [Windows]
[2017.06.03-03.44.50:786][  0]LogInit: Applying CVar settings loaded from the selected device profile: [Windows]
[2017.06.03-03.44.50:844][  0]LogInit: Computer: DESKTOP-Q1BP53L
[2017.06.03-03.44.50:844][  0]LogInit: User: Sussane
[2017.06.03-03.44.50:844][  0]LogInit: CPU Page size=4096, Cores=4
[2017.06.03-03.44.50:844][  0]LogInit: High frequency timer resolution =3.417970 MHz
[2017.06.03-03.44.50:844][  0]LogMemory: Memory total: Physical=15.9GB (16GB approx)
[2017.06.03-03.44.50:844][  0]LogMemory: Platform Memory Stats for Windows
[2017.06.03-03.44.50:844][  0]LogMemory: Process Physical Memory: 273.14 MB used, 273.14 MB peak
[2017.06.03-03.44.50:844][  0]LogMemory: Process Virtual Memory: 260.96 MB used, 260.96 MB peak
[2017.06.03-03.44.50:844][  0]LogMemory: Physical Memory: 5806.20 MB used,  10425.48 MB free, 16231.68 MB total
[2017.06.03-03.44.50:844][  0]LogMemory: Virtual Memory: 638.31 MB used,  10425.48 MB free, 134217728.00 MB total
[2017.06.03-03.44.51:097][  0]LogInit: Using OS detected language (en-GB).
[2017.06.03-03.44.51:097][  0]LogInit: Using OS detected locale (en-AU).
[2017.06.03-03.44.51:127][  0]LogTextLocalizationManager: No specific localization for 'en-GB' exists, so the 'en' localization will be used.
[2017.06.03-03.44.54:147][  0]LogD3D11RHI: D3D11 adapters:
[2017.06.03-03.44.54:166][  0]LogD3D11RHI:    0. 'AMD Radeon R9 200 Series' (Feature Level 11_0)
[2017.06.03-03.44.54:166][  0]LogD3D11RHI:       3052/0/8115 MB DedicatedVideo/DedicatedSystem/SharedSystem, Outputs:3, VendorId:0x1002
[2017.06.03-03.44.54:167][  0]LogD3D11RHI:    1. 'Microsoft Basic Render Driver' (Feature Level 11_0)
[2017.06.03-03.44.54:167][  0]LogD3D11RHI:       0/0/8115 MB DedicatedVideo/DedicatedSystem/SharedSystem, Outputs:0, VendorId:0x1414
[2017.06.03-03.44.54:167][  0]LogD3D11RHI: Chosen D3D11 Adapter: 0
[2017.06.03-03.44.54:171][  0]LogD3D11RHI: Creating new Direct3DDevice
[2017.06.03-03.44.54:171][  0]LogD3D11RHI:     GPU DeviceId: 0x6798 (for the marketing name, search the web for "GPU Device Id")
[2017.06.03-03.44.54:171][  0]LogWindows: EnumDisplayDevices:
[2017.06.03-03.44.54:171][  0]LogWindows:    0. 'AMD Radeon R9 200 Series' (P:1 D:1)
[2017.06.03-03.44.54:171][  0]LogWindows:    1. 'AMD Radeon R9 200 Series' (P:0 D:1)
[2017.06.03-03.44.54:171][  0]LogWindows:    2. 'AMD Radeon R9 200 Series' (P:0 D:1)
[2017.06.03-03.44.54:172][  0]LogWindows:    3. 'AMD Radeon R9 200 Series' (P:0 D:0)
[2017.06.03-03.44.54:172][  0]LogWindows:    4. 'AMD Radeon R9 200 Series' (P:0 D:0)
[2017.06.03-03.44.54:172][  0]LogWindows:    5. 'AMD Radeon R9 200 Series' (P:0 D:0)
[2017.06.03-03.44.54:172][  0]LogWindows: DebugString: FoundDriverCount:6 
[2017.06.03-03.44.54:172][  0]LogD3D11RHI:     Adapter Name: AMD Radeon R9 200 Series
[2017.06.03-03.44.54:172][  0]LogD3D11RHI:   Driver Version: Crimson ReLive 17.5.2 (internal:22.19.165.512, unified:22.19.165.512)
[2017.06.03-03.44.54:172][  0]LogD3D11RHI:      Driver Date: 5-17-2017
[2017.06.03-03.44.54:172][  0]LogRHI: Texture pool is 1361 MB (70% of 1945 MB)
[2017.06.03-03.44.54:263][  0]LogD3D11RHI: Async texture creation enabled
[2017.06.03-03.44.54:273][  0]LogD3D11RHI: GPU Timing Frequency: 27.000000 (Debug: 2 1)
[2017.06.03-03.44.54:274][  0]LogShaderCompilers: Guid format shader working directory is 1 characters bigger than the processId version (C:/Users/Sussane/Documents/Unreal Projects/MAIN/Intermediate/Shaders/WorkingDirectory/3740/).
[2017.06.03-03.44.54:274][  0]LogShaderCompilers: Cleaned the shader compiler working directory 'C:/Users/Sussane/AppData/Local/Temp/UnrealShaderWorkingDir/320F1A214C88B45E59EDDB9362885123/'.
[2017.06.03-03.44.54:274][  0]LogShaderCompilers:Display: Using Local Shader Compiler.
[2017.06.03-03.44.56:802][  0]LogTemp:Display: Loaded TP AllDesktopTargetPlatform
[2017.06.03-03.44.56:833][  0]LogTemp:Display: Loaded TP MacClientTargetPlatform
[2017.06.03-03.44.56:869][  0]LogTemp:Display: Loaded TP MacNoEditorTargetPlatform
[2017.06.03-03.44.56:902][  0]LogTemp:Display: Loaded TP MacServerTargetPlatform
[2017.06.03-03.44.57:005][  0]LogTemp:Display: Loaded TP MacTargetPlatform
[2017.06.03-03.44.57:038][  0]LogTemp:Display: Loaded TP WindowsClientTargetPlatform
[2017.06.03-03.44.57:074][  0]LogTemp:Display: Loaded TP WindowsNoEditorTargetPlatform
[2017.06.03-03.44.57:125][  0]LogTemp:Display: Loaded TP WindowsServerTargetPlatform
[2017.06.03-03.44.57:156][  0]LogTemp:Display: Loaded TP WindowsTargetPlatform
[2017.06.03-03.44.57:214][  0]LogTemp:Display: Loaded TP AndroidTargetPlatform
[2017.06.03-03.44.57:283][  0]LogTemp:Display: Loaded TP Android_ASTCTargetPlatform
[2017.06.03-03.44.57:316][  0]LogTemp:Display: Loaded TP Android_ATCTargetPlatform
[2017.06.03-03.44.57:352][  0]LogTemp:Display: Loaded TP Android_DXTTargetPlatform
[2017.06.03-03.44.57:388][  0]LogTemp:Display: Loaded TP Android_ETC1TargetPlatform
[2017.06.03-03.44.57:423][  0]LogTemp:Display: Loaded TP Android_ETC2TargetPlatform
[2017.06.03-03.44.57:491][  0]LogTemp:Display: Loaded TP Android_MultiTargetPlatform
[2017.06.03-03.44.57:491][  0]LogTemp:Display: Loaded TP Android_PVRTCTargetPlatform
[2017.06.03-03.44.57:517][  0]LogTemp:Display: Loaded TP HTML5TargetPlatform
[2017.06.03-03.44.57:637][  0]LogTemp:Display: Loaded TP IOSTargetPlatform
[2017.06.03-03.44.57:660][  0]LogTemp:Display: Loaded TP TVOSTargetPlatform
[2017.06.03-03.44.57:696][  0]LogTemp:Display: Loaded TP LinuxClientTargetPlatform
[2017.06.03-03.44.57:730][  0]LogTemp:Display: Loaded TP LinuxNoEditorTargetPlatform
[2017.06.03-03.44.57:789][  0]LogTemp:Display: Loaded TP LinuxServerTargetPlatform
[2017.06.03-03.44.57:844][  0]LogTemp:Display: Loaded TP LinuxTargetPlatform
[2017.06.03-03.44.57:844][  0]LogTargetPlatformManager:Display: Building Assets For Windows
[2017.06.03-03.44.58:786][  0]LogDerivedDataCache:Display: Max Cache Size: 512 MB
[2017.06.03-03.44.59:149][  0]LogDerivedDataCache: Loaded boot cache 0.36s 90MB C:/Users/Sussane/AppData/Local/UnrealEngine/4.16/DerivedDataCache/Boot.ddc.
[2017.06.03-03.44.59:149][  0]LogDerivedDataCache:Display: Loaded Boot cache: C:/Users/Sussane/AppData/Local/UnrealEngine/4.16/DerivedDataCache/Boot.ddc
[2017.06.03-03.44.59:149][  0]LogDerivedDataCache: FDerivedDataBackendGraph:  Pak pak cache file C:/Users/Sussane/Documents/Unreal Projects/MAIN/DerivedDataCache/DDC.ddp not found, will not use a pak cache.
[2017.06.03-03.44.59:149][  0]LogDerivedDataCache: Unable to find inner node Pak for hierarchical cache Hierarchy.
[2017.06.03-03.44.59:149][  0]LogDerivedDataCache: FDerivedDataBackendGraph:  CompressedPak pak cache file C:/Users/Sussane/Documents/Unreal Projects/MAIN/DerivedDataCache/Compressed.ddp not found, will not use a pak cache.
[2017.06.03-03.44.59:149][  0]LogDerivedDataCache: Unable to find inner node CompressedPak for hierarchical cache Hierarchy.
[2017.06.03-03.44.59:210][  0]LogDerivedDataCache:Display: Pak cache opened for reading ../../../Engine/DerivedDataCache/Compressed.ddp.
[2017.06.03-03.44.59:222][  0]LogDerivedDataCache: Using Local data cache path C:/Users/Sussane/AppData/Local/UnrealEngine/Common/DerivedDataCache: Writable
[2017.06.03-03.44.59:234][  0]LogMaterial: Verifying Global Shaders for PCD3D_SM5
[2017.06.03-03.44.59:234][  0]LogSlate: Using Freetype 2.6.0
[2017.06.03-03.44.59:234][  0]LogSlate: SlateFontCache - WITH_FREETYPE: 1, WITH_HARFBUZZ: 1
[2017.06.03-03.44.59:234][  0]LogSlate: SlateFontCache - WITH_FREETYPE: 1, WITH_HARFBUZZ: 1
[2017.06.03-03.45.04:322][  0]LogInit: Selected Device Profile: [Windows]
[2017.06.03-03.45.04:511][  0]LogContentStreaming: Texture pool size is 0.00 MB
[2017.06.03-03.45.04:780][  0]LogMeshUtilities: Using QuadricMeshReduction for automatic static mesh reduction
[2017.06.03-03.45.04:854][  0]LogSimplygon: Simplygon DLL not present - disabling.
[2017.06.03-03.45.04:926][  0]LogMeshUtilities: Using SimplygonSwarm for distributed automatic mesh merging
[2017.06.03-03.45.04:926][  0]LogMeshUtilities: No automatic skeletal mesh reduction module available
[2017.06.03-03.45.04:926][  0]LogMeshUtilities: No automatic mesh merging module available
[2017.06.03-03.45.06:122][  0]LogNetVersion: MAIN , NetCL: 3452394, EngineNetVer: 2, GameNetVer: 0 (Checksum: 1844700196)
[2017.06.03-03.45.06:266][  0]LogAssetRegistry: FAssetRegistry took 0.0252 seconds to start up
[2017.06.03-03.45.06:313][  0]LogPackageLocalizationCache: Processed 4 localized package path(s) for 2 prioritized culture(s) in 0.034875 seconds
[2017.06.03-03.45.06:318][  0]LogUObjectArray: 34194 objects as part of root set at end of initial load.
[2017.06.03-03.45.06:318][  0]LogUObjectAllocator: 7260416 out of 0 bytes used by permanent object pool.
[2017.06.03-03.45.06:318][  0]LogUObjectArray: CloseDisregardForGC: 0/0 objects in disregard for GC pool
[2017.06.03-03.45.06:356][  0]LogInit: WinSock: version 1.1 (2.2), MaxSocks=32767, MaxUdp=65467
[2017.06.03-03.45.29:609][  0]LogTcpMessaging: Initializing TcpMessaging bridge
[2017.06.03-03.45.29:664][  0]LogUdpMessaging: Initializing bridge on interface 0.0.0.0:0 to multicast group 230.0.0.1:6666.
[2017.06.03-03.45.30:656][  0]LogMaterial: Uniform references updated for custom material expression Custom.
[2017.06.03-03.45.31:013][  0]SourceControl: Info Source control is disabled
[2017.06.03-03.45.31:014][  0]SourceControl: Info Source control is disabled
[2017.06.03-03.45.31:060][  0]SourceControl: Info Source control is disabled
[2017.06.03-03.45.31:146][  0]SourceControl: Info Source control is disabled
[2017.06.03-03.45.32:471][  0]LogAndroidPermission: UAndroidPermissionCallbackProxy::GetInstance
[2017.06.03-03.45.33:172][  0]LogEngine: Initializing Engine...
[2017.06.03-03.45.33:189][  0]LogHMD: Failed to initialize OpenVR with code 110
[2017.06.03-03.45.33:434][  0]LogStats: UGameplayTagsManager::ConstructGameplayTagTree: Construct from data asset -  0.000 s
[2017.06.03-03.45.33:454][  0]LogStats: UGameplayTagsManager::ConstructGameplayTagTree: GameplayTagTreeChangedEvent.Broadcast -  0.000 s
[2017.06.03-03.45.33:572][  0]LogAIModule: Creating AISystem for world Untitled
[2017.06.03-03.45.33:589][  0]LogInit: XAudio2 using 'Digital Output (ASUS Xonar DX Audio Device)' : 2 channels at 44.1 kHz using 16 bits per sample (channel mask 0x3)
[2017.06.03-03.45.33:596][  0]LogInit: FAudioDevice initialized.
[2017.06.03-03.45.33:640][  0]LogDerivedDataCache: Saved boot cache 0.04s 90MB C:/Users/Sussane/AppData/Local/UnrealEngine/4.16/DerivedDataCache/Boot.ddc.
[2017.06.03-03.45.33:650][  0]LogInit: Texture streaming: Enabled
[2017.06.03-03.45.33:798][  0]LogEngineSessionManager: EngineSessionManager initialized
[2017.06.03-03.45.33:821][  0]LogEngineSessionManager: EngineSessionManager sent abnormal shutdown report. Type=Crashed, SessionId={FF348336-4AC7-7170-9B0F-3284FE65E1C6}
[2017.06.03-03.45.34:091][  0]LogInit: Transaction tracking system initialized
[2017.06.03-03.45.34:416][  0]BlueprintLog: New page: Editor Load
[2017.06.03-03.45.35:617][  0]LocalizationService: Info Localization service is disabled
[2017.06.03-03.45.36:516][  0]LogConsoleResponse:Display: 
[2017.06.03-03.45.38:008][  0]LogCook:Display: Max memory allowance for cook 16384mb min free memory 0mb
[2017.06.03-03.45.38:008][  0]LogCook:Display: Mobile HDR setting 1
[2017.06.03-03.45.38:888][  0]LogFileCache: Scanning file cache for directory 'C:/Users/Sussane/Documents/Unreal Projects/MAIN/Content/' took 0.01s
[2017.06.03-03.45.40:135][  0]SourceControl: Info Source control is disabled
[2017.06.03-03.45.40:135][  0]Cmd: MAP LOAD FILE="../../../Engine/Content/Maps/Templates/Template_Default.umap" TEMPLATE=1 SHOWPROGRESS=1 FEATURELEVEL=3
[2017.06.03-03.45.40:197][  0]LightingResults: New page: Lighting Build
[2017.06.03-03.45.40:227][  0]MapCheck: New page: Map Check
[2017.06.03-03.45.40:227][  0]LightingResults: New page: Lighting Build
[2017.06.03-03.45.40:669][  0]LogAIModule: Creating AISystem for world Untitled_1
[2017.06.03-03.45.40:670][  0]LogActorComponent: RegisterComponentWithWorld: (/Temp/Untitled_1.Untitled_1:PersistentLevel.WorldSettings_1.StaticMeshComponent0) Trying to register component with IsPendingKill() == true. Aborting.
[2017.06.03-03.45.40:678][  0]LogEditorServer: Finished looking for orphan Actors (0.000 secs)
[2017.06.03-03.45.40:695][  0]Cmd: MAP CHECKDEP NOCLEARLOG
[2017.06.03-03.45.40:730][  0]MapCheck: Info Map check complete: 0 Error(s), 0 Warning(s), took 34.929ms to complete.
[2017.06.03-03.45.40:730][  0]LogFileHelpers: Loading map 'Template_Default' took 0.595
[2017.06.03-03.45.41:117][  0]LogCollectionManager: Loaded 0 collections in 0.000701 seconds
[2017.06.03-03.45.41:197][  0]LogFileCache: Scanning file cache for directory 'C:/Users/Sussane/Documents/Unreal Projects/MAIN/Saved/Collections/' took 0.01s
[2017.06.03-03.45.41:197][  0]LogFileCache: Scanning file cache for directory 'C:/Users/Sussane/Documents/Unreal Projects/MAIN/Content/Developers/Sussane/Collections/' took 0.01s
[2017.06.03-03.45.41:197][  0]LogFileCache: Scanning file cache for directory 'C:/Users/Sussane/Documents/Unreal Projects/MAIN/Content/Collections/' took 0.01s
[2017.06.03-03.45.41:197][  0]LogCollectionManager: Rebuilt the GUID cache for 0 collections in 0.000001 seconds
[2017.06.03-03.45.41:206][  0]LogContentBrowser: Native class hierarchy populated in 0.0081 seconds. Added 2329 classes and 491 folders.
[2017.06.03-03.45.41:271][  0]LogContentBrowser: Native class hierarchy updated for 'WidgetCarousel' in 0.0005 seconds. Added 0 classes and 0 folders.
[2017.06.03-03.45.42:320][  0]LogContentBrowser: Native class hierarchy updated for 'AddContentDialog' in 0.0008 seconds. Added 0 classes and 0 folders.
[2017.06.03-03.45.42:378][  0]LogContentBrowser: Native class hierarchy updated for 'SceneOutliner' in 0.0005 seconds. Added 1 classes and 2 folders.
[2017.06.03-03.45.42:427][  0]LogCrashTracker: Crashtracker disabled due to settings.
[2017.06.03-03.45.42:432][  0]LogSlate: Took 0.000166 seconds to synchronously load lazily loaded font '../../../Engine/Content/Slate/Fonts/Roboto-Regular.ttf' (155K)
[2017.06.03-03.45.42:433][  0]LogSlate: Took 0.000151 seconds to synchronously load lazily loaded font '../../../Engine/Content/Slate/Fonts/Roboto-Bold.ttf' (160K)
[2017.06.03-03.45.42:465][  0]LogSlate: Took 0.027299 seconds to synchronously load lazily loaded font '../../../Engine/Content/Editor/Slate/Fonts/FontAwesome.ttf' (139K)
[2017.06.03-03.45.42:578][  0]LogRenderer: Reallocating scene render targets to support 1208x576 NumSamples 1 (Frame:1).
[2017.06.03-03.45.42:720][  0]LogUObjectGlobals:Warning: Failed to find object 'Class None.'
[2017.06.03-03.45.42:799][  0]LogContentBrowser: Native class hierarchy updated for 'HierarchicalLODOutliner' in 0.0007 seconds. Added 1 classes and 2 folders.
[2017.06.03-03.45.42:800][  0]LogLoad: (Engine Initialization) Total time: 56.62 seconds
[2017.06.03-03.45.42:800][  0]LogLoad: (Engine Initialization) Total Blueprint compile time: 0.17 seconds
[2017.06.03-03.45.42:800][  0]LogExternalProfiler: No external profilers were discovered.  External profiling features will not be available.
[2017.06.03-03.45.43:139][  0]LogOcInput: OculusInput pre-init called
[2017.06.03-03.45.43:139][  0]LogHMD: Starting GearVRController plugin
[2017.06.03-03.45.43:152][  0]LogAssetRegistry: Asset discovery search completed in 36.9081 seconds
[2017.06.03-03.45.43:154][  0]LogCollectionManager: Rebuilt the object cache for 0 collections in 0.000001 seconds (found 0 objects)
[2017.06.03-03.45.43:154][  0]LogCollectionManager: Fixed up redirectors for 0 collections in 0.000035 seconds (updated 0 objects)
[2017.06.03-03.45.43:157][  0]LogContentStreaming: Texture pool size now 1000 MB
[2017.06.03-03.45.43:234][  0]LogSlate: Took 0.029111 seconds to synchronously load lazily loaded font '../../../Engine/Content/Slate/Fonts/Roboto-Light.ttf' (159K)
[2017.06.03-03.45.44:141][  3]LogSlate: Took 0.000238 seconds to synchronously load lazily loaded font '../../../Engine/Content/Slate/Fonts/Roboto-Light.ttf' (159K)
[2017.06.03-03.45.49:916][145]LogSlate: Took 0.000141 seconds to synchronously load lazily loaded font '../../../Engine/Content/Slate/Fonts/Roboto-Light.ttf' (159K)
[2017.06.03-03.45.50:237][145]LogContentBrowser: Native class hierarchy updated for 'BlueprintGraph' in 0.0011 seconds. Added 112 classes and 0 folders.
[2017.06.03-03.45.51:086][145]LogLinker:Warning: Can't resolve asset name
[2017.06.03-03.45.51:126][145]LogSlate: Took 0.034828 seconds to synchronously load lazily loaded font '../../../Engine/Content/Editor/Slate/Fonts/Roboto-BoldCondensed.ttf' (158K)
[2017.06.03-03.45.53:473][387]LogRenderer: Reallocating scene render targets to support 1208x900 NumSamples 1 (Frame:1).
[2017.06.03-03.45.58:605][929]LogActorComponent: UnregisterComponent: (/Engine/Transient.EditorFloorComp) Not registered. Aborting.
[2017.06.03-03.46.05:821][486]LogAIModule: Creating AISystem for world MAIN
[2017.06.03-03.46.05:845][486]Cmd: MAP LOAD FILE="C:/Users/Sussane/Documents/Unreal Projects/MAIN/Content/MAIN.umap" TEMPLATE=0 SHOWPROGRESS=1 FEATURELEVEL=3
[2017.06.03-03.46.05:845][486]LightingResults: New page: Lighting Build
[2017.06.03-03.46.05:846][486]LoadErrors: New page: Loading map: MAIN.umap
[2017.06.03-03.46.05:846][486]MapCheck: New page: Map Check
[2017.06.03-03.46.05:846][486]LightingResults: New page: Lighting Build
[2017.06.03-03.46.05:901][486]LogEditorServer: Finished looking for orphan Actors (0.000 secs)
[2017.06.03-03.46.05:928][486]Cmd: MAP CHECKDEP NOCLEARLOG
[2017.06.03-03.46.05:959][486]MapCheck: Info Map check complete: 0 Error(s), 0 Warning(s), took 31.245ms to complete.
[2017.06.03-03.46.05:959][486]LogFileHelpers: Loading map 'MAIN' took 0.115
[2017.06.03-03.46.10:822][948]LogEditorViewport: Clicking on Actor (LMB): CameraActor (CameraActor)
[2017.06.03-03.46.17:221][387]LogTemp: Repeting last play command: Selected Viewport
[2017.06.03-03.46.17:247][387]LogBlueprintUserMessages: Early PlayInEditor Detection: Level '/Game/MAIN.MAIN:PersistentLevel' has LevelScriptBlueprint '/Game/MAIN.MAIN:PersistentLevel.MAIN' with GeneratedClass '/Game/MAIN.MAIN_C' with ClassGeneratedBy '/Game/MAIN.MAIN:PersistentLevel.MAIN'
[2017.06.03-03.46.17:248][387]LogPlayLevel: PlayLevel: No blueprints needed recompiling
[2017.06.03-03.46.17:248][387]PIE: New page: PIE session: MAIN (3 Jun 2017 11:46:17 pm)
[2017.06.03-03.46.17:248][387]LogPlayLevel: Creating play world package: /Game/UEDPIE_0_MAIN
[2017.06.03-03.46.17:254][387]LogPlayLevel: PIE: StaticDuplicateObject took: (0.006512s)
[2017.06.03-03.46.17:255][387]LogAIModule: Creating AISystem for world MAIN
[2017.06.03-03.46.17:255][387]LogPlayLevel: PIE: World Init took: (0.000501s)
[2017.06.03-03.46.17:255][387]LogPlayLevel: PIE: Created PIE world by copying editor world from /Game/MAIN.MAIN to /Game/UEDPIE_0_MAIN.MAIN (0.007197s)
[2017.06.03-03.46.17:305][387]LogInit: XAudio2 using 'Digital Output (ASUS Xonar DX Audio Device)' : 2 channels at 44.1 kHz using 16 bits per sample (channel mask 0x3)
[2017.06.03-03.46.17:309][387]LogInit: FAudioDevice initialized.
[2017.06.03-03.46.17:356][387]LogLoad: Game class is 'Mode1_C'
[2017.06.03-03.46.17:358][387]LogWorld: Bringing World /Game/UEDPIE_0_MAIN.MAIN up for play (max tick rate 0) at 2017.06.03-13.46.17
[2017.06.03-03.46.17:358][387]LogWorld: Bringing up level for play took: 0.000809
[2017.06.03-03.46.17:383][387]LogContentBrowser: Native class hierarchy updated for 'MovieSceneCapture' in 0.0006 seconds. Added 11 classes and 0 folders.
[2017.06.03-03.46.17:383][387]LogGameMode:Display: Match State Changed from EnteringMap to WaitingToStart
[2017.06.03-03.46.17:383][387]LogGameState: Match State Changed from EnteringMap to WaitingToStart
[2017.06.03-03.46.17:383][387]LogGameMode:Display: Match State Changed from WaitingToStart to InProgress
[2017.06.03-03.46.17:385][387]LogGameState: Match State Changed from WaitingToStart to InProgress
[2017.06.03-03.46.17:385][387]PIE: Info Play in editor start time for /Game/UEDPIE_0_MAIN -0.818
[2017.06.03-03.46.17:385][387]LogBlueprintUserMessages: Late PlayInEditor Detection: Level '/Game/MAIN.MAIN:PersistentLevel' has LevelScriptBlueprint '/Game/MAIN.MAIN:PersistentLevel.MAIN' with GeneratedClass '/Game/MAIN.MAIN_C' with ClassGeneratedBy '/Game/MAIN.MAIN:PersistentLevel.MAIN'
[2017.06.03-03.46.21:610][861]LogBlueprintUserMessages: Early EndPlayMap Detection: Level '/Game/MAIN.MAIN:PersistentLevel' has LevelScriptBlueprint '/Game/MAIN.MAIN:PersistentLevel.MAIN' with GeneratedClass '/Game/MAIN.MAIN_C' with ClassGeneratedBy '/Game/MAIN.MAIN:PersistentLevel.MAIN'
[2017.06.03-03.46.21:688][861]LogBlueprintUserMessages: Late EndPlayMap Detection: Level '/Game/MAIN.MAIN:PersistentLevel' has LevelScriptBlueprint '/Game/MAIN.MAIN:PersistentLevel.MAIN' with GeneratedClass '/Game/MAIN.MAIN_C' with ClassGeneratedBy '/Game/MAIN.MAIN:PersistentLevel.MAIN'
[2017.06.03-03.46.31:298][495]LogSlate: Took 0.020133 seconds to synchronously load lazily loaded font '../../../Engine/Content/Editor/Slate/Fonts/Roboto-Italic.ttf' (157K)
[2017.06.03-03.46.45:827][381]LogSlate: Only BGRA pngs, bmps or icos are supported in by External Image Picker
[2017.06.03-03.46.45:868][382]LogTemp: Executing iPhonePackager certificates Engine -bundlename com.YourCompany.MAIN
[2017.06.03-03.46.45:868][382]LogTemp: CWD: D:\unreallengine\UE_4.16\Engine\Binaries\DotNET\IOS
[2017.06.03-03.46.45:868][382]LogTemp: Initial Dir: D:\unreallengine\UE_4.16
[2017.06.03-03.46.45:868][382]LogTemp: Env CWD: D:\unreallengine\UE_4.16\Engine\Binaries\DotNET\IOS
[2017.06.03-03.46.45:868][382]LogTemp: BranchPath = DESKTOP-Q1BP53L/D/unreallengine/UE_4.16/Engine/Binaries --- GameBranchPath = DESKTOP-Q1BP53L/D/unreallengine/UE_4.16/Engine/Binaries
[2017.06.03-03.46.45:868][382]LogTemp: IPP ERROR: Could not find provision directory 'C:\Users\Sussane\AppData\Local/Apple Computer/MobileDevice/Provisioning Profiles/'.
[2017.06.03-03.46.55:851][939]LogSlate: Only BGRA pngs, bmps or icos are supported in by External Image Picker
[2017.06.03-03.46.55:896][939]LogTemp: Executing iPhonePackager certificates Engine -bundlename com.YourCompany.MAIN
[2017.06.03-03.46.55:896][939]LogTemp: CWD: D:\unreallengine\UE_4.16\Engine\Binaries\DotNET\IOS
[2017.06.03-03.46.55:896][939]LogTemp: Initial Dir: D:\unreallengine\UE_4.16
[2017.06.03-03.46.55:896][939]LogTemp: Env CWD: D:\unreallengine\UE_4.16\Engine\Binaries\DotNET\IOS
[2017.06.03-03.46.55:898][939]LogTemp: BranchPath = DESKTOP-Q1BP53L/D/unreallengine/UE_4.16/Engine/Binaries --- GameBranchPath = DESKTOP-Q1BP53L/D/unreallengine/UE_4.16/Engine/Binaries
[2017.06.03-03.46.55:913][939]LogTemp: IPP ERROR: Could not find provision directory 'C:\Users\Sussane\AppData\Local/Apple Computer/MobileDevice/Provisioning Profiles/'.
[2017.06.03-03.50.08:826][335]LogObjectTools:Warning: ForceReplaceReferences replaced references for a transient object 'UserConstructionScript' or package '/Engine/Transient'.
[2017.06.03-03.50.08:826][335]LogObjectTools:Warning: ForceReplaceReferences replaced references for a transient object 'DefaultSceneRoot' or package '/Engine/Transient'.
[2017.06.03-03.50.08:826][335]LogObjectTools:Warning: ForceReplaceReferences replaced references for a transient object 'DEADCLASS_Mode1_C_1' or package '/Engine/Transient'.
[2017.06.03-03.50.08:826][335]LogObjectTools:Warning: ForceReplaceReferences replaced references for a transient object 'DefaultSceneRoot_GEN_VARIABLE' or package '/Engine/Transient'.
[2017.06.03-03.50.08:826][335]LogObjectTools:Warning: ForceReplaceReferences replaced references for a transient object 'SimpleConstructionScript_0' or package '/Engine/Transient'.
[2017.06.03-03.50.08:826][335]LogObjectTools:Warning: ForceReplaceReferences replaced references for a transient object 'DEADCLASS_Mode1_C_0' or package '/Engine/Transient'.
[2017.06.03-03.50.08:826][335]LogObjectTools:Warning: ForceReplaceReferences replaced references for a transient object 'REINST_SKEL_Mode1_C_37' or package '/Engine/Transient'.
[2017.06.03-03.50.08:827][335]LogObjectTools:Warning: ForceReplaceReferences replaced references for a transient object 'REINST_Mode1_C_36' or package '/Engine/Transient'.
[2017.06.03-03.51.11:924][962]LogSlate:Warning: Prevented a slow task dialog from being summoned while a context menu was open
[2017.06.03-03.51.53:967][ 31]Cmd: OBJ SAVEPACKAGE PACKAGE="/Game/MAIN" FILE="C:/Users/Sussane/Documents/Unreal Projects/MAIN/Content/MAIN.umap" SILENT=true AUTOSAVING=false KEEPDIRTY=false
[2017.06.03-03.51.54:140][ 31]LogSavePackage: Save=148.78ms
[2017.06.03-03.51.54:140][ 31]LogSavePackage: Moving 'C:/Users/Sussane/Documents/Unreal Projects/MAIN/Saved/MAIN28A998A8453B927233D958AC4B935785.tmp' to 'C:/Users/Sussane/Documents/Unreal Projects/MAIN/Content/MAIN.umap'
[2017.06.03-03.51.54:142][ 31]LogSavePackage:Display: Finished SavePackage C:/Users/Sussane/Documents/Unreal Projects/MAIN/Content/MAIN.umap
[2017.06.03-03.51.54:163][ 31]Cmd: OBJ SAVEPACKAGE PACKAGE="/Game/MAIN_BuiltData" FILE="C:/Users/Sussane/Documents/Unreal Projects/MAIN/Content/MAIN_BuiltData.uasset" SILENT=true
[2017.06.03-03.51.54:195][ 31]LogSavePackage: Save=23.49ms
[2017.06.03-03.51.54:195][ 31]LogSavePackage: Moving 'C:/Users/Sussane/Documents/Unreal Projects/MAIN/Saved/MAIN_BuiltData8D40E9ED476F30AB5E5462BCDD795F32.tmp' to 'C:/Users/Sussane/Documents/Unreal Projects/MAIN/Content/MAIN_BuiltData.uasset'
[2017.06.03-03.51.54:196][ 31]LogSavePackage:Display: Finished SavePackage C:/Users/Sussane/Documents/Unreal Projects/MAIN/Content/MAIN_BuiltData.uasset
[2017.06.03-03.52.37:480][663]LogSlate: Took 0.027810 seconds to synchronously load lazily loaded font '../../../Engine/Content/Editor/Slate/Fonts/Roboto-BoldCondensedItalic.ttf' (160K)
[2017.06.03-03.53.21:987][838]LogMetaData: Removing '/Game/Blueprints/Player2.SKEL_Player2_C' ref from Metadata '/Game/Blueprints/Player_2.PackageMetaData'
[2017.06.03-03.53.21:987][838]LogMetaData: Removing '/Game/Blueprints/Player2.Player2_C' ref from Metadata '/Game/Blueprints/Player_2.PackageMetaData'
[2017.06.03-03.53.22:031][838]Cmd: OBJ SAVEPACKAGE PACKAGE="/Game/Blueprints/Player2" FILE="C:/Users/Sussane/Documents/Unreal Projects/MAIN/Content/Blueprints/Player2.uasset" SILENT=true
[2017.06.03-03.53.22:048][838]LogSavePackage: Save=15.87ms
[2017.06.03-03.53.22:048][838]LogSavePackage: Moving 'C:/Users/Sussane/Documents/Unreal Projects/MAIN/Saved/Player2CDE3C2594A198DED5B9F68B793E9E060.tmp' to 'C:/Users/Sussane/Documents/Unreal Projects/MAIN/Content/Blueprints/Player2.uasset'
[2017.06.03-03.53.22:050][838]LogSavePackage:Display: Finished SavePackage C:/Users/Sussane/Documents/Unreal Projects/MAIN/Content/Blueprints/Player2.uasset
[2017.06.03-03.53.25:857][ 43]Cmd: DELETE
[2017.06.03-03.53.25:857][ 43]Cmd: ACTOR DELETE
[2017.06.03-03.53.25:858][ 43]LogEditorActor: Deleted Actor: Player2_C
[2017.06.03-03.53.25:875][ 43]LogEditorActor: Deleted 1 Actors (0.018 secs)
[2017.06.03-03.54.56:218][ 48]LogSlate:Warning: Prevented a slow task dialog from being summoned while a context menu was open
[2017.06.03-03.55.37:502][345]LogEditorViewport: Clicking on Actor (LMB): PlayerStart (Player Start)
[2017.06.03-03.57.43:975][320]BlueprintLog: New page: Compile MyPlayerController
[2017.06.03-03.57.44:652][376]Cmd: OBJ SAVEPACKAGE PACKAGE="/Game/Blueprints/MyPlayerController" FILE="C:/Users/Sussane/Documents/Unreal Projects/MAIN/Content/Blueprints/MyPlayerController.uasset" SILENT=true
[2017.06.03-03.57.44:677][376]LogSavePackage: Save=24.04ms
[2017.06.03-03.57.44:677][376]LogSavePackage: Moving 'C:/Users/Sussane/Documents/Unreal Projects/MAIN/Saved/MyPlayerControllerD66A5AFA4825CCBE6947E08CB692F846.tmp' to 'C:/Users/Sussane/Documents/Unreal Projects/MAIN/Content/Blueprints/MyPlayerController.uasset'
[2017.06.03-03.57.44:680][376]LogSavePackage:Display: Finished SavePackage C:/Users/Sussane/Documents/Unreal Projects/MAIN/Content/Blueprints/MyPlayerController.uasset
[2017.06.03-03.59.04:771][999]LogTemp: Repeting last play command: Selected Viewport
[2017.06.03-03.59.04:789][999]LogBlueprintUserMessages: Early PlayInEditor Detection: Level '/Game/MAIN.MAIN:PersistentLevel' has LevelScriptBlueprint '/Game/MAIN.MAIN:PersistentLevel.MAIN' with GeneratedClass '/Game/MAIN.MAIN_C' with ClassGeneratedBy '/Game/MAIN.MAIN:PersistentLevel.MAIN'
[2017.06.03-03.59.04:789][999]LogPlayLevel: PlayLevel: No blueprints needed recompiling
[2017.06.03-03.59.04:789][999]PIE: New page: PIE session: MAIN (3 Jun 2017 11:59:04 pm)
[2017.06.03-03.59.04:789][999]LogPlayLevel: Creating play world package: /Game/UEDPIE_0_MAIN
[2017.06.03-03.59.04:796][999]LogPlayLevel: PIE: StaticDuplicateObject took: (0.006604s)
[2017.06.03-03.59.04:797][999]LogAIModule: Creating AISystem for world MAIN
[2017.06.03-03.59.04:797][999]LogPlayLevel: PIE: World Init took: (0.000668s)
[2017.06.03-03.59.04:797][999]LogPlayLevel: PIE: Created PIE world by copying editor world from /Game/MAIN.MAIN to /Game/UEDPIE_0_MAIN.MAIN (0.007466s)
[2017.06.03-03.59.04:825][999]LogInit: XAudio2 using 'Digital Output (ASUS Xonar DX Audio Device)' : 2 channels at 44.1 kHz using 16 bits per sample (channel mask 0x3)
[2017.06.03-03.59.04:829][999]LogInit: FAudioDevice initialized.
[2017.06.03-03.59.04:861][999]LogLinker:Warning: Can't find file '/Game/Blueprints/Mode1'
[2017.06.03-03.59.04:861][999]LogLinker:Warning: Can't find file '/Game/Blueprints/Mode1'
[2017.06.03-03.59.04:862][999]LogUObjectGlobals:Warning: Failed to find object 'Class /Game/Blueprints/Mode1.Mode1_C'
[2017.06.03-03.59.04:862][999]LogLoad: Game class is 'GameModeBase'
[2017.06.03-03.59.04:863][999]LogWorld: Bringing World /Game/UEDPIE_0_MAIN.MAIN up for play (max tick rate 0) at 2017.06.03-13.59.04
[2017.06.03-03.59.04:864][999]LogWorld: Bringing up level for play took: 0.001210
[2017.06.03-03.59.04:865][999]PIE: Info Play in editor start time for /Game/UEDPIE_0_MAIN 0.663
[2017.06.03-03.59.04:865][999]LogBlueprintUserMessages: Late PlayInEditor Detection: Level '/Game/MAIN.MAIN:PersistentLevel' has LevelScriptBlueprint '/Game/MAIN.MAIN:PersistentLevel.MAIN' with GeneratedClass '/Game/MAIN.MAIN_C' with ClassGeneratedBy '/Game/MAIN.MAIN:PersistentLevel.MAIN'
[2017.06.03-03.59.29:215][704]LogBlueprintUserMessages: Early EndPlayMap Detection: Level '/Game/MAIN.MAIN:PersistentLevel' has LevelScriptBlueprint '/Game/MAIN.MAIN:PersistentLevel.MAIN' with GeneratedClass '/Game/MAIN.MAIN_C' with ClassGeneratedBy '/Game/MAIN.MAIN:PersistentLevel.MAIN'
[2017.06.03-03.59.29:257][704]LogBlueprintUserMessages: Late EndPlayMap Detection: Level '/Game/MAIN.MAIN:PersistentLevel' has LevelScriptBlueprint '/Game/MAIN.MAIN:PersistentLevel.MAIN' with GeneratedClass '/Game/MAIN.MAIN_C' with ClassGeneratedBy '/Game/MAIN.MAIN:PersistentLevel.MAIN'
[2017.06.03-03.59.32:168][902]LogTemp: Repeting last play command: Selected Viewport
[2017.06.03-03.59.32:184][902]LogBlueprintUserMessages: Early PlayInEditor Detection: Level '/Game/MAIN.MAIN:PersistentLevel' has LevelScriptBlueprint '/Game/MAIN.MAIN:PersistentLevel.MAIN' with GeneratedClass '/Game/MAIN.MAIN_C' with ClassGeneratedBy '/Game/MAIN.MAIN:PersistentLevel.MAIN'
[2017.06.03-03.59.32:185][902]LogPlayLevel: PlayLevel: No blueprints needed recompiling
[2017.06.03-03.59.32:185][902]PIE: New page: PIE session: MAIN (3 Jun 2017 11:59:32 pm)
[2017.06.03-03.59.32:185][902]LogPlayLevel: Creating play world package: /Game/UEDPIE_0_MAIN
[2017.06.03-03.59.32:192][902]LogPlayLevel: PIE: StaticDuplicateObject took: (0.007640s)
[2017.06.03-03.59.32:193][902]LogAIModule: Creating AISystem for world MAIN
[2017.06.03-03.59.32:193][902]LogPlayLevel: PIE: World Init took: (0.000740s)
[2017.06.03-03.59.32:193][902]LogPlayLevel: PIE: Created PIE world by copying editor world from /Game/MAIN.MAIN to /Game/UEDPIE_0_MAIN.MAIN (0.008674s)
[2017.06.03-03.59.32:229][902]LogInit: XAudio2 using 'Digital Output (ASUS Xonar DX Audio Device)' : 2 channels at 44.1 kHz using 16 bits per sample (channel mask 0x3)
[2017.06.03-03.59.32:233][902]LogInit: FAudioDevice initialized.
[2017.06.03-03.59.32:263][902]LogLoad: Game class is 'GameModeBase'
[2017.06.03-03.59.32:265][902]LogWorld: Bringing World /Game/UEDPIE_0_MAIN.MAIN up for play (max tick rate 0) at 2017.06.03-13.59.32
[2017.06.03-03.59.32:265][902]LogWorld: Bringing up level for play took: 0.000923
[2017.06.03-03.59.32:266][902]PIE: Info Play in editor start time for /Game/UEDPIE_0_MAIN 0.064
[2017.06.03-03.59.32:266][902]LogBlueprintUserMessages: Late PlayInEditor Detection: Level '/Game/MAIN.MAIN:PersistentLevel' has LevelScriptBlueprint '/Game/MAIN.MAIN:PersistentLevel.MAIN' with GeneratedClass '/Game/MAIN.MAIN_C' with ClassGeneratedBy '/Game/MAIN.MAIN:PersistentLevel.MAIN'
[2017.06.03-03.59.35:072][213]LogBlueprintUserMessages: Early EndPlayMap Detection: Level '/Game/MAIN.MAIN:PersistentLevel' has LevelScriptBlueprint '/Game/MAIN.MAIN:PersistentLevel.MAIN' with GeneratedClass '/Game/MAIN.MAIN_C' with ClassGeneratedBy '/Game/MAIN.MAIN:PersistentLevel.MAIN'
[2017.06.03-03.59.35:116][213]LogBlueprintUserMessages: Late EndPlayMap Detection: Level '/Game/MAIN.MAIN:PersistentLevel' has LevelScriptBlueprint '/Game/MAIN.MAIN:PersistentLevel.MAIN' with GeneratedClass '/Game/MAIN.MAIN_C' with ClassGeneratedBy '/Game/MAIN.MAIN:PersistentLevel.MAIN'
[2017.06.03-03.59.41:232][739]BlueprintLog: New page: Compile Player2
[2017.06.03-03.59.41:784][781]Cmd: OBJ SAVEPACKAGE PACKAGE="/Game/Blueprints/Player2" FILE="C:/Users/Sussane/Documents/Unreal Projects/MAIN/Content/Blueprints/Player2.uasset" SILENT=true
[2017.06.03-03.59.41:806][781]LogSavePackage: Save=13.37ms
[2017.06.03-03.59.41:806][781]LogSavePackage: Moving 'C:/Users/Sussane/Documents/Unreal Projects/MAIN/Saved/Player262346DE74A789ACE92D50E8D4749E1D8.tmp' to 'C:/Users/Sussane/Documents/Unreal Projects/MAIN/Content/Blueprints/Player2.uasset'
[2017.06.03-03.59.41:807][781]LogSavePackage:Display: Finished SavePackage C:/Users/Sussane/Documents/Unreal Projects/MAIN/Content/Blueprints/Player2.uasset
[2017.06.03-03.59.43:310][910]MapCheck: New page: Map Check
[2017.06.03-03.59.43:353][910]Cmd: MAP REBUILD ALLVISIBLE
[2017.06.03-03.59.43:353][910]LogEditorServer: Rebuildmap Clear paths rebuilt
[2017.06.03-03.59.43:645][910]LogMaterial: Missing cached shader map for material FDebugViewModeMaterialProxy WorldGridMaterial, compiling. Is special engine material.
[2017.06.03-03.59.43:670][910]LogMaterial: Missing cached shader map for material FDebugViewModeMaterialProxy MaterialInstanceDynamic_2, compiling. 
[2017.06.03-03.59.43:676][910]LogMaterial: Missing cached shader map for material FDebugViewModeMaterialProxy MatineeCam_mat, compiling. 
[2017.06.03-03.59.44:878][910]TextureStreamingBuild:Display: Compiling optional shaders took 1.237 seconds.
[2017.06.03-03.59.44:882][910]LogLevel:Display: Export Material TexCoord Scales took 0.005 seconds.
[2017.06.03-03.59.44:888][910]TextureStreamingBuild:Display: Build Texture Streaming took 0.005 seconds.
[2017.06.03-03.59.44:902][910]LightingResults: New page: Lighting Build - 3 Jun 2017 11:59:44 pm
[2017.06.03-03.59.44:971][910]LogSwarmInterface: [OpenConnection] Registering TCP channel ...
[2017.06.03-03.59.45:048][910]LogSwarmInterface: [OpenConnection] Connecting to agent ...
[2017.06.03-03.59.45:055][910]LogSwarmInterface: [TryOpenConnection] Testing the Agent
[2017.06.03-03.59.45:563][910]LogSwarmInterface: [TryOpenConnection] Opening Connection to Agent
[2017.06.03-03.59.45:563][910]LogSwarmInterface: [TryOpenConnection] Local Process ID is 3740
[2017.06.03-03.59.47:839][910]LogStaticLightingSystem:Warning: No importance volume found, so the scene bounding box was used.  You can optimize your scene's quality and lighting build times by adding importance volumes.
[2017.06.03-03.59.47:839][910]LogStaticLightingSystem: Running Lightmass w/ ImmediateImport mode ENABLED
[2017.06.03-03.59.47:839][910]LogStaticLightingSystem: Running Lightmass w/ ImmediateProcess mode ENABLED
[2017.06.03-03.59.47:839][910]LogStaticLightingSystem: Running Lightmass w/ Sorting mode ENABLED
[2017.06.03-03.59.47:839][910]LogStaticLightingSystem: Running Lightmass w/ Mapping paddings ENABLED
[2017.06.03-03.59.47:839][910]LogStaticLightingSystem: Running Lightmass w/ Mapping debug paddings DISABLED
[2017.06.03-03.59.47:944][910]Cmd: MAP CHECK DONTDISPLAYDIALOG
[2017.06.03-03.59.47:944][910]MapCheck: New page: MAIN - 3 Jun 2017 11:59:47 pm
[2017.06.03-03.59.47:944][910]MapCheck:Warning: Warning Box_Brush21_StaticMesh Static mesh actor has NULL StaticMesh property 
[2017.06.03-03.59.47:944][910]MapCheck:Warning: Warning Box_Brush21_StaticMesh Static mesh actor has NULL StaticMesh property 
[2017.06.03-03.59.47:981][910]MapCheck: Info Map check complete: 0 Error(s), 2 Warning(s), took 37.632ms to complete.
[2017.06.03-03.59.48:003][910]LogEditorBuildUtils: Build time 0:04
[2017.06.03-03.59.49:797][967]Job is a success!
[2017.06.03-03.59.49:989][968]LogTexture:Display: Building textures: HQ_Lightmap1_1 (AutoDXT, 512X512)
[2017.06.03-03.59.49:989][968]LogTexture:Display: Building textures: LQ_Lightmap_1_1 (DXT1, 512X512)
[2017.06.03-03.59.49:989][968]LogTexture:Display: Building textures: LQ_Lightmap_1_2 (DXT1, 64X64)
[2017.06.03-03.59.49:989][968]LogTexture:Display: Building textures: HQ_Lightmap1_2 (AutoDXT, 64X64)
[2017.06.03-03.59.49:989][968]LogTexture:Display: Building textures: ShadowMapTexture2D_1 (G8, 32X32)
[2017.06.03-03.59.49:989][968]LogTexture:Display: Building textures: ShadowMapTexture2D_0 (G8, 256X256)
[2017.06.03-03.59.50:010][968]Lightmass on DESKTOP-Q1BP53L: 1.04 sec total, 115 ms importing, 20 ms setup, 284 ms photons, 509 ms processing, 0 ms extra exporting [56/56 mappings]. Threads: 3.39 sec total, 898 ms processing.
[2017.06.03-03.59.50:049][968]LogStaticLightingSystem: Illumination: 5.10 sec (47 ms encoding lightmaps, 22 ms encoding shadowmaps)
[2017.06.03-03.59.50:049][968]LogStaticLightingSystem: Lightmap texture memory:  0.5 MB (0.0 MB streaming, 0.5 MB non-streaming), 4 textures
[2017.06.03-03.59.50:049][968]LogStaticLightingSystem: Shadowmap texture memory: 0.1 MB (0.0 MB streaming, 0.1 MB non-streaming), 2 textures
[2017.06.03-03.59.50:841][968]DumpUnbuiltLightIteractions
[2017.06.03-03.59.50:841][968]Lights with unbuilt interactions: 0
[2017.06.03-03.59.50:841][968]
[2017.06.03-03.59.50:841][968]Primitives with unbuilt interactions: 0
[2017.06.03-03.59.50:858][969]Cmd: MAP CHECK NOTIFYRESULTS
[2017.06.03-03.59.50:858][969]MapCheck: New page: MAIN - 3 Jun 2017 11:59:50 pm
[2017.06.03-03.59.50:858][969]MapCheck:Warning: Warning Box_Brush21_StaticMesh Static mesh actor has NULL StaticMesh property 
[2017.06.03-03.59.50:858][969]MapCheck:Warning: Warning Box_Brush21_StaticMesh Static mesh actor has NULL StaticMesh property 
[2017.06.03-03.59.50:894][969]MapCheck: Info Map check complete: 0 Error(s), 2 Warning(s), took 36.704ms to complete.
[2017.06.03-04.00.05:753][822]LogTemp: Repeting last play command: Selected Viewport
[2017.06.03-04.00.05:770][822]LogBlueprintUserMessages: Early PlayInEditor Detection: Level '/Game/MAIN.MAIN:PersistentLevel' has LevelScriptBlueprint '/Game/MAIN.MAIN:PersistentLevel.MAIN' with GeneratedClass '/Game/MAIN.MAIN_C' with ClassGeneratedBy '/Game/MAIN.MAIN:PersistentLevel.MAIN'
[2017.06.03-04.00.05:770][822]LogPlayLevel: PlayLevel: No blueprints needed recompiling
[2017.06.03-04.00.05:770][822]PIE: New page: PIE session: MAIN (4 Jun 2017 12:00:05 am)
[2017.06.03-04.00.05:770][822]LogPlayLevel: Creating play world package: /Game/UEDPIE_0_MAIN
[2017.06.03-04.00.05:778][822]LogPlayLevel: PIE: StaticDuplicateObject took: (0.008204s)
[2017.06.03-04.00.05:778][822]LogAIModule: Creating AISystem for world MAIN
[2017.06.03-04.00.05:779][822]LogPlayLevel: PIE: World Init took: (0.000587s)
[2017.06.03-04.00.05:779][822]LogPlayLevel: PIE: Created PIE world by copying editor world from /Game/MAIN.MAIN to /Game/UEDPIE_0_MAIN.MAIN (0.008978s)
[2017.06.03-04.00.05:802][822]LogInit: XAudio2 using 'Digital Output (ASUS Xonar DX Audio Device)' : 2 channels at 44.1 kHz using 16 bits per sample (channel mask 0x3)
[2017.06.03-04.00.05:806][822]LogInit: FAudioDevice initialized.
[2017.06.03-04.00.05:837][822]LogLoad: Game class is 'GameModeBase'
[2017.06.03-04.00.05:838][822]LogWorld: Bringing World /Game/UEDPIE_0_MAIN.MAIN up for play (max tick rate 0) at 2017.06.03-14.00.05
[2017.06.03-04.00.05:839][822]LogWorld: Bringing up level for play took: 0.001091
[2017.06.03-04.00.05:839][822]PIE: Info Play in editor start time for /Game/UEDPIE_0_MAIN -0.363
[2017.06.03-04.00.05:840][822]LogBlueprintUserMessages: Late PlayInEditor Detection: Level '/Game/MAIN.MAIN:PersistentLevel' has LevelScriptBlueprint '/Game/MAIN.MAIN:PersistentLevel.MAIN' with GeneratedClass '/Game/MAIN.MAIN_C' with ClassGeneratedBy '/Game/MAIN.MAIN:PersistentLevel.MAIN'
[2017.06.03-04.00.28:816][380]LogBlueprintUserMessages: Early EndPlayMap Detection: Level '/Game/MAIN.MAIN:PersistentLevel' has LevelScriptBlueprint '/Game/MAIN.MAIN:PersistentLevel.MAIN' with GeneratedClass '/Game/MAIN.MAIN_C' with ClassGeneratedBy '/Game/MAIN.MAIN:PersistentLevel.MAIN'
[2017.06.03-04.00.28:894][380]LogBlueprintUserMessages: Late EndPlayMap Detection: Level '/Game/MAIN.MAIN:PersistentLevel' has LevelScriptBlueprint '/Game/MAIN.MAIN:PersistentLevel.MAIN' with GeneratedClass '/Game/MAIN.MAIN_C' with ClassGeneratedBy '/Game/MAIN.MAIN:PersistentLevel.MAIN'
[2017.06.03-04.00.30:376][477]LogEditorViewport: Clicking on Actor (LMB): PlayerStart (Player Start)
[2017.06.03-04.00.36:306][869]LogEditorViewport: Clicking on Actor (LMB): PlayerStart (Player Start)
[2017.06.03-04.00.36:389][873]LogEditorViewport: Clicking on Component (LMB): CapsuleComponent (CollisionCapsule)
[2017.06.03-04.00.54:722][884]LogSlate: Only BGRA pngs, bmps or icos are supported in by External Image Picker
[2017.06.03-04.00.54:760][885]LogTemp: Executing iPhonePackager certificates Engine -bundlename com.YourCompany.MAIN
[2017.06.03-04.00.54:760][885]LogTemp: CWD: D:\unreallengine\UE_4.16\Engine\Binaries\DotNET\IOS
[2017.06.03-04.00.54:760][885]LogTemp: Initial Dir: D:\unreallengine\UE_4.16
[2017.06.03-04.00.54:760][885]LogTemp: Env CWD: D:\unreallengine\UE_4.16\Engine\Binaries\DotNET\IOS
[2017.06.03-04.00.54:775][886]LogTemp: BranchPath = DESKTOP-Q1BP53L/D/unreallengine/UE_4.16/Engine/Binaries --- GameBranchPath = DESKTOP-Q1BP53L/D/unreallengine/UE_4.16/Engine/Binaries
[2017.06.03-04.00.54:775][886]LogTemp: IPP ERROR: Could not find provision directory 'C:\Users\Sussane\AppData\Local/Apple Computer/MobileDevice/Provisioning Profiles/'.
[2017.06.03-04.00.58:409][ 99]LogSlate:Warning: Prevented a slow task dialog from being summoned while a context menu was open
[2017.06.03-04.01.13:348][987]Cmd: OBJ SAVEPACKAGE PACKAGE="/Game/MAIN" FILE="C:/Users/Sussane/Documents/Unreal Projects/MAIN/Content/MAIN.umap" SILENT=true AUTOSAVING=false KEEPDIRTY=false
[2017.06.03-04.01.13:546][987]LogSavePackage: Save=168.59ms
[2017.06.03-04.01.13:546][987]LogSavePackage: Moving 'C:/Users/Sussane/Documents/Unreal Projects/MAIN/Saved/MAIN9877475F40497226A0FE7E9582FA9701.tmp' to 'C:/Users/Sussane/Documents/Unreal Projects/MAIN/Content/MAIN.umap'
[2017.06.03-04.01.13:550][987]LogSavePackage:Display: Finished SavePackage C:/Users/Sussane/Documents/Unreal Projects/MAIN/Content/MAIN.umap
[2017.06.03-04.01.13:585][987]Cmd: OBJ SAVEPACKAGE PACKAGE="/Game/MAIN_BuiltData" FILE="C:/Users/Sussane/Documents/Unreal Projects/MAIN/Content/MAIN_BuiltData.uasset" SILENT=true
[2017.06.03-04.01.13:615][987]LogSavePackage: Save=23.44ms
[2017.06.03-04.01.13:615][987]LogSavePackage: Moving 'C:/Users/Sussane/Documents/Unreal Projects/MAIN/Saved/MAIN_BuiltDataF2736AB741C4EC86C4F4DE9807B193CF.tmp' to 'C:/Users/Sussane/Documents/Unreal Projects/MAIN/Content/MAIN_BuiltData.uasset'
[2017.06.03-04.01.13:618][987]LogSavePackage:Display: Finished SavePackage C:/Users/Sussane/Documents/Unreal Projects/MAIN/Content/MAIN_BuiltData.uasset
[2017.06.03-04.01.14:136][ 20]LogTemp: Repeting last play command: Selected Viewport
[2017.06.03-04.01.14:153][ 20]LogBlueprintUserMessages: Early PlayInEditor Detection: Level '/Game/MAIN.MAIN:PersistentLevel' has LevelScriptBlueprint '/Game/MAIN.MAIN:PersistentLevel.MAIN' with GeneratedClass '/Game/MAIN.MAIN_C' with ClassGeneratedBy '/Game/MAIN.MAIN:PersistentLevel.MAIN'
[2017.06.03-04.01.14:153][ 20]LogPlayLevel: PlayLevel: No blueprints needed recompiling
[2017.06.03-04.01.14:153][ 20]PIE: New page: PIE session: MAIN (4 Jun 2017 12:01:14 am)
[2017.06.03-04.01.14:153][ 20]LogPlayLevel: Creating play world package: /Game/UEDPIE_0_MAIN
[2017.06.03-04.01.14:158][ 20]LogPlayLevel: PIE: StaticDuplicateObject took: (0.005457s)
[2017.06.03-04.01.14:159][ 20]LogAIModule: Creating AISystem for world MAIN
[2017.06.03-04.01.14:159][ 20]LogPlayLevel: PIE: World Init took: (0.000593s)
[2017.06.03-04.01.14:159][ 20]LogPlayLevel: PIE: Created PIE world by copying editor world from /Game/MAIN.MAIN to /Game/UEDPIE_0_MAIN.MAIN (0.006301s)
[2017.06.03-04.01.14:203][ 20]LogInit: XAudio2 using 'Digital Output (ASUS Xonar DX Audio Device)' : 2 channels at 44.1 kHz using 16 bits per sample (channel mask 0x3)
[2017.06.03-04.01.14:211][ 20]LogInit: FAudioDevice initialized.
[2017.06.03-04.01.14:253][ 20]LogLoad: Game class is 'MyGame_C'
[2017.06.03-04.01.14:255][ 20]LogWorld: Bringing World /Game/UEDPIE_0_MAIN.MAIN up for play (max tick rate 0) at 2017.06.03-14.01.14
[2017.06.03-04.01.14:256][ 20]LogWorld: Bringing up level for play took: 0.001875
[2017.06.03-04.01.14:467][ 20]PIE: Info Play in editor start time for /Game/UEDPIE_0_MAIN 0.265
[2017.06.03-04.01.14:468][ 20]LogBlueprintUserMessages: Late PlayInEditor Detection: Level '/Game/MAIN.MAIN:PersistentLevel' has LevelScriptBlueprint '/Game/MAIN.MAIN:PersistentLevel.MAIN' with GeneratedClass '/Game/MAIN.MAIN_C' with ClassGeneratedBy '/Game/MAIN.MAIN:PersistentLevel.MAIN'
[2017.06.03-04.01.37:919][642]LogBlueprintUserMessages: Early EndPlayMap Detection: Level '/Game/MAIN.MAIN:PersistentLevel' has LevelScriptBlueprint '/Game/MAIN.MAIN:PersistentLevel.MAIN' with GeneratedClass '/Game/MAIN.MAIN_C' with ClassGeneratedBy '/Game/MAIN.MAIN:PersistentLevel.MAIN'
[2017.06.03-04.01.37:963][642]LogBlueprintUserMessages: Late EndPlayMap Detection: Level '/Game/MAIN.MAIN:PersistentLevel' has LevelScriptBlueprint '/Game/MAIN.MAIN:PersistentLevel.MAIN' with GeneratedClass '/Game/MAIN.MAIN_C' with ClassGeneratedBy '/Game/MAIN.MAIN:PersistentLevel.MAIN'
[2017.06.03-04.01.58:628][158]LogSlate:Warning: Prevented a slow task dialog from being summoned while a context menu was open
[2017.06.03-04.02.05:684][913]BlueprintLog: New page: Compile MyGame
[2017.06.03-04.02.06:327][965]Cmd: OBJ SAVEPACKAGE PACKAGE="/Game/Blueprints/MyGame" FILE="C:/Users/Sussane/Documents/Unreal Projects/MAIN/Content/Blueprints/MyGame.uasset" SILENT=true
[2017.06.03-04.02.06:337][965]LogSavePackage: Save=8.93ms
[2017.06.03-04.02.06:337][965]LogSavePackage: Moving 'C:/Users/Sussane/Documents/Unreal Projects/MAIN/Saved/MyGameDFE1C9A043C5D7BD39C983BB5775C148.tmp' to 'C:/Users/Sussane/Documents/Unreal Projects/MAIN/Content/Blueprints/MyGame.uasset'
[2017.06.03-04.02.06:338][965]LogSavePackage:Display: Finished SavePackage C:/Users/Sussane/Documents/Unreal Projects/MAIN/Content/Blueprints/MyGame.uasset
[2017.06.03-04.02.28:583][625]LogSlate:Warning: Prevented a slow task dialog from being summoned while a context menu was open
[2017.06.03-04.02.47:807][923]BlueprintLog: New page: Compile MyPlayerController
[2017.06.03-04.02.48:484][989]Cmd: OBJ SAVEPACKAGE PACKAGE="/Game/Blueprints/MyPlayerController" FILE="C:/Users/Sussane/Documents/Unreal Projects/MAIN/Content/Blueprints/MyPlayerController.uasset" SILENT=true
[2017.06.03-04.02.48:516][989]LogSavePackage: Save=21.40ms
[2017.06.03-04.02.48:516][989]LogSavePackage: Moving 'C:/Users/Sussane/Documents/Unreal Projects/MAIN/Saved/MyPlayerController63E4B9B944273E9648748C9B52AA5D18.tmp' to 'C:/Users/Sussane/Documents/Unreal Projects/MAIN/Content/Blueprints/MyPlayerController.uasset'
[2017.06.03-04.02.48:518][989]LogSavePackage:Display: Finished SavePackage C:/Users/Sussane/Documents/Unreal Projects/MAIN/Content/Blueprints/MyPlayerController.uasset
[2017.06.03-04.03.48:141][807]LogSlate:Warning: Prevented a slow task dialog from being summoned while a context menu was open
[2017.06.03-04.04.00:298][109]BlueprintLog: New page: Compile MyGame
[2017.06.03-04.04.00:892][154]Cmd: OBJ SAVEPACKAGE PACKAGE="/Game/Blueprints/MyGame" FILE="C:/Users/Sussane/Documents/Unreal Projects/MAIN/Content/Blueprints/MyGame.uasset" SILENT=true
[2017.06.03-04.04.00:910][154]LogSavePackage: Save=9.32ms
[2017.06.03-04.04.00:910][154]LogSavePackage: Moving 'C:/Users/Sussane/Documents/Unreal Projects/MAIN/Saved/MyGame4A76F9DC413614089B4849BF4141EACA.tmp' to 'C:/Users/Sussane/Documents/Unreal Projects/MAIN/Content/Blueprints/MyGame.uasset'
[2017.06.03-04.04.00:913][154]LogSavePackage:Display: Finished SavePackage C:/Users/Sussane/Documents/Unreal Projects/MAIN/Content/Blueprints/MyGame.uasset
[2017.06.03-04.04.03:260][367]LogTemp: Repeting last play command: Selected Viewport
[2017.06.03-04.04.03:274][367]LogBlueprintUserMessages: Early PlayInEditor Detection: Level '/Game/MAIN.MAIN:PersistentLevel' has LevelScriptBlueprint '/Game/MAIN.MAIN:PersistentLevel.MAIN' with GeneratedClass '/Game/MAIN.MAIN_C' with ClassGeneratedBy '/Game/MAIN.MAIN:PersistentLevel.MAIN'
[2017.06.03-04.04.03:274][367]LogPlayLevel: PlayLevel: No blueprints needed recompiling
[2017.06.03-04.04.03:274][367]PIE: New page: PIE session: MAIN (4 Jun 2017 12:04:03 am)
[2017.06.03-04.04.03:274][367]LogPlayLevel: Creating play world package: /Game/UEDPIE_0_MAIN
[2017.06.03-04.04.03:282][367]LogPlayLevel: PIE: StaticDuplicateObject took: (0.007774s)
[2017.06.03-04.04.03:283][367]LogAIModule: Creating AISystem for world MAIN
[2017.06.03-04.04.03:283][367]LogPlayLevel: PIE: World Init took: (0.000652s)
[2017.06.03-04.04.03:283][367]LogPlayLevel: PIE: Created PIE world by copying editor world from /Game/MAIN.MAIN to /Game/UEDPIE_0_MAIN.MAIN (0.008639s)
[2017.06.03-04.04.03:307][367]LogInit: XAudio2 using 'Digital Output (ASUS Xonar DX Audio Device)' : 2 channels at 44.1 kHz using 16 bits per sample (channel mask 0x3)
[2017.06.03-04.04.03:311][367]LogInit: FAudioDevice initialized.
[2017.06.03-04.04.03:344][367]LogLoad: Game class is 'MyGame_C'
[2017.06.03-04.04.03:346][367]LogWorld: Bringing World /Game/UEDPIE_0_MAIN.MAIN up for play (max tick rate 0) at 2017.06.03-14.04.03
[2017.06.03-04.04.03:346][367]LogWorld: Bringing up level for play took: 0.001148
[2017.06.03-04.04.03:347][367]PIE: Info Play in editor start time for /Game/UEDPIE_0_MAIN -0.855
[2017.06.03-04.04.03:348][367]LogBlueprintUserMessages: Late PlayInEditor Detection: Level '/Game/MAIN.MAIN:PersistentLevel' has LevelScriptBlueprint '/Game/MAIN.MAIN:PersistentLevel.MAIN' with GeneratedClass '/Game/MAIN.MAIN_C' with ClassGeneratedBy '/Game/MAIN.MAIN:PersistentLevel.MAIN'
[2017.06.03-04.04.06:831][756]LogBlueprintUserMessages: Early EndPlayMap Detection: Level '/Game/MAIN.MAIN:PersistentLevel' has LevelScriptBlueprint '/Game/MAIN.MAIN:PersistentLevel.MAIN' with GeneratedClass '/Game/MAIN.MAIN_C' with ClassGeneratedBy '/Game/MAIN.MAIN:PersistentLevel.MAIN'
[2017.06.03-04.04.06:880][756]LogBlueprintUserMessages: Late EndPlayMap Detection: Level '/Game/MAIN.MAIN:PersistentLevel' has LevelScriptBlueprint '/Game/MAIN.MAIN:PersistentLevel.MAIN' with GeneratedClass '/Game/MAIN.MAIN_C' with ClassGeneratedBy '/Game/MAIN.MAIN:PersistentLevel.MAIN'
[2017.06.03-04.04.10:975][109]LogSlate:Warning: Prevented a slow task dialog from being summoned while a context menu was open
[2017.06.03-04.04.13:470][380]BlueprintLog: New page: Compile MyGame
[2017.06.03-04.04.14:005][417]Cmd: OBJ SAVEPACKAGE PACKAGE="/Game/Blueprints/MyGame" FILE="C:/Users/Sussane/Documents/Unreal Projects/MAIN/Content/Blueprints/MyGame.uasset" SILENT=true
[2017.06.03-04.04.14:018][417]LogSavePackage: Save=8.95ms
[2017.06.03-04.04.14:018][417]LogSavePackage: Moving 'C:/Users/Sussane/Documents/Unreal Projects/MAIN/Saved/MyGame53DEC72B4D245F4465D50495212251C9.tmp' to 'C:/Users/Sussane/Documents/Unreal Projects/MAIN/Content/Blueprints/MyGame.uasset'
[2017.06.03-04.04.14:020][417]LogSavePackage:Display: Finished SavePackage C:/Users/Sussane/Documents/Unreal Projects/MAIN/Content/Blueprints/MyGame.uasset
[2017.06.03-04.04.15:575][534]LogTemp: Repeting last play command: Selected Viewport
[2017.06.03-04.04.15:589][534]LogBlueprintUserMessages: Early PlayInEditor Detection: Level '/Game/MAIN.MAIN:PersistentLevel' has LevelScriptBlueprint '/Game/MAIN.MAIN:PersistentLevel.MAIN' with GeneratedClass '/Game/MAIN.MAIN_C' with ClassGeneratedBy '/Game/MAIN.MAIN:PersistentLevel.MAIN'
[2017.06.03-04.04.15:589][534]LogPlayLevel: PlayLevel: No blueprints needed recompiling
[2017.06.03-04.04.15:589][534]PIE: New page: PIE session: MAIN (4 Jun 2017 12:04:15 am)
[2017.06.03-04.04.15:589][534]LogPlayLevel: Creating play world package: /Game/UEDPIE_0_MAIN
[2017.06.03-04.04.15:596][534]LogPlayLevel: PIE: StaticDuplicateObject took: (0.006947s)
[2017.06.03-04.04.15:597][534]LogAIModule: Creating AISystem for world MAIN
[2017.06.03-04.04.15:597][534]LogPlayLevel: PIE: World Init took: (0.000544s)
[2017.06.03-04.04.15:597][534]LogPlayLevel: PIE: Created PIE world by copying editor world from /Game/MAIN.MAIN to /Game/UEDPIE_0_MAIN.MAIN (0.007672s)
[2017.06.03-04.04.15:623][534]LogInit: XAudio2 using 'Digital Output (ASUS Xonar DX Audio Device)' : 2 channels at 44.1 kHz using 16 bits per sample (channel mask 0x3)
[2017.06.03-04.04.15:627][534]LogInit: FAudioDevice initialized.
[2017.06.03-04.04.15:656][534]LogLoad: Game class is 'MyGame_C'
[2017.06.03-04.04.15:659][534]LogWorld: Bringing World /Game/UEDPIE_0_MAIN.MAIN up for play (max tick rate 0) at 2017.06.03-14.04.15
[2017.06.03-04.04.15:659][534]LogWorld: Bringing up level for play took: 0.002007
[2017.06.03-04.04.15:662][534]PIE: Info Play in editor start time for /Game/UEDPIE_0_MAIN -0.54
[2017.06.03-04.04.15:662][534]LogBlueprintUserMessages: Late PlayInEditor Detection: Level '/Game/MAIN.MAIN:PersistentLevel' has LevelScriptBlueprint '/Game/MAIN.MAIN:PersistentLevel.MAIN' with GeneratedClass '/Game/MAIN.MAIN_C' with ClassGeneratedBy '/Game/MAIN.MAIN:PersistentLevel.MAIN'
[2017.06.03-04.04.18:608][861]LogBlueprintUserMessages: Early EndPlayMap Detection: Level '/Game/MAIN.MAIN:PersistentLevel' has LevelScriptBlueprint '/Game/MAIN.MAIN:PersistentLevel.MAIN' with GeneratedClass '/Game/MAIN.MAIN_C' with ClassGeneratedBy '/Game/MAIN.MAIN:PersistentLevel.MAIN'
[2017.06.03-04.04.18:650][861]LogBlueprintUserMessages: Late EndPlayMap Detection: Level '/Game/MAIN.MAIN:PersistentLevel' has LevelScriptBlueprint '/Game/MAIN.MAIN:PersistentLevel.MAIN' with GeneratedClass '/Game/MAIN.MAIN_C' with ClassGeneratedBy '/Game/MAIN.MAIN:PersistentLevel.MAIN'
[2017.06.03-04.04.22:676][133]LogTemp: Repeting last play command: Selected Viewport
[2017.06.03-04.04.22:692][133]LogBlueprintUserMessages: Early PlayInEditor Detection: Level '/Game/MAIN.MAIN:PersistentLevel' has LevelScriptBlueprint '/Game/MAIN.MAIN:PersistentLevel.MAIN' with GeneratedClass '/Game/MAIN.MAIN_C' with ClassGeneratedBy '/Game/MAIN.MAIN:PersistentLevel.MAIN'
[2017.06.03-04.04.22:692][133]LogPlayLevel: PlayLevel: No blueprints needed recompiling
[2017.06.03-04.04.22:692][133]PIE: New page: PIE session: MAIN (4 Jun 2017 12:04:22 am)
[2017.06.03-04.04.22:692][133]LogPlayLevel: Creating play world package: /Game/UEDPIE_0_MAIN
[2017.06.03-04.04.22:701][133]LogPlayLevel: PIE: StaticDuplicateObject took: (0.008621s)
[2017.06.03-04.04.22:701][133]LogAIModule: Creating AISystem for world MAIN
[2017.06.03-04.04.22:702][133]LogPlayLevel: PIE: World Init took: (0.001009s)
[2017.06.03-04.04.22:702][133]LogPlayLevel: PIE: Created PIE world by copying editor world from /Game/MAIN.MAIN to /Game/UEDPIE_0_MAIN.MAIN (0.009921s)
[2017.06.03-04.04.22:729][133]LogInit: XAudio2 using 'Digital Output (ASUS Xonar DX Audio Device)' : 2 channels at 44.1 kHz using 16 bits per sample (channel mask 0x3)
[2017.06.03-04.04.22:733][133]LogInit: FAudioDevice initialized.
[2017.06.03-04.04.22:767][133]LogLoad: Game class is 'MyGame_C'
[2017.06.03-04.04.22:769][133]LogWorld: Bringing World /Game/UEDPIE_0_MAIN.MAIN up for play (max tick rate 0) at 2017.06.03-14.04.22
[2017.06.03-04.04.22:770][133]LogWorld: Bringing up level for play took: 0.001571
[2017.06.03-04.04.22:772][133]PIE: Info Play in editor start time for /Game/UEDPIE_0_MAIN 0.57
[2017.06.03-04.04.22:772][133]LogBlueprintUserMessages: Late PlayInEditor Detection: Level '/Game/MAIN.MAIN:PersistentLevel' has LevelScriptBlueprint '/Game/MAIN.MAIN:PersistentLevel.MAIN' with GeneratedClass '/Game/MAIN.MAIN_C' with ClassGeneratedBy '/Game/MAIN.MAIN:PersistentLevel.MAIN'
[2017.06.03-04.04.26:695][569]LogBlueprintUserMessages: Early EndPlayMap Detection: Level '/Game/MAIN.MAIN:PersistentLevel' has LevelScriptBlueprint '/Game/MAIN.MAIN:PersistentLevel.MAIN' with GeneratedClass '/Game/MAIN.MAIN_C' with ClassGeneratedBy '/Game/MAIN.MAIN:PersistentLevel.MAIN'
[2017.06.03-04.04.26:740][569]LogBlueprintUserMessages: Late EndPlayMap Detection: Level '/Game/MAIN.MAIN:PersistentLevel' has LevelScriptBlueprint '/Game/MAIN.MAIN:PersistentLevel.MAIN' with GeneratedClass '/Game/MAIN.MAIN_C' with ClassGeneratedBy '/Game/MAIN.MAIN:PersistentLevel.MAIN'
[2017.06.03-04.04.37:163][289]LogSlate:Warning: Prevented a slow task dialog from being summoned while a context menu was open
[2017.06.03-04.04.47:394][377]BlueprintLog: New page: Compile MyGame
[2017.06.03-04.04.47:867][408]Cmd: OBJ SAVEPACKAGE PACKAGE="/Game/Blueprints/MyGame" FILE="C:/Users/Sussane/Documents/Unreal Projects/MAIN/Content/Blueprints/MyGame.uasset" SILENT=true
[2017.06.03-04.04.47:879][408]LogSavePackage: Save=7.86ms
[2017.06.03-04.04.47:879][408]LogSavePackage: Moving 'C:/Users/Sussane/Documents/Unreal Projects/MAIN/Saved/MyGameC5559BF44F7CF2F6224E75BE4219326F.tmp' to 'C:/Users/Sussane/Documents/Unreal Projects/MAIN/Content/Blueprints/MyGame.uasset'
[2017.06.03-04.04.47:881][408]LogSavePackage:Display: Finished SavePackage C:/Users/Sussane/Documents/Unreal Projects/MAIN/Content/Blueprints/MyGame.uasset
[2017.06.03-04.04.49:030][495]LogTemp: Repeting last play command: Selected Viewport
[2017.06.03-04.04.49:045][495]LogBlueprintUserMessages: Early PlayInEditor Detection: Level '/Game/MAIN.MAIN:PersistentLevel' has LevelScriptBlueprint '/Game/MAIN.MAIN:PersistentLevel.MAIN' with GeneratedClass '/Game/MAIN.MAIN_C' with ClassGeneratedBy '/Game/MAIN.MAIN:PersistentLevel.MAIN'
[2017.06.03-04.04.49:045][495]LogPlayLevel: PlayLevel: No blueprints needed recompiling
[2017.06.03-04.04.49:045][495]PIE: New page: PIE session: MAIN (4 Jun 2017 12:04:49 am)
[2017.06.03-04.04.49:045][495]LogPlayLevel: Creating play world package: /Game/UEDPIE_0_MAIN
[2017.06.03-04.04.49:051][495]LogPlayLevel: PIE: StaticDuplicateObject took: (0.006004s)
[2017.06.03-04.04.49:051][495]LogAIModule: Creating AISystem for world MAIN
[2017.06.03-04.04.49:051][495]LogPlayLevel: PIE: World Init took: (0.000602s)
[2017.06.03-04.04.49:052][495]LogPlayLevel: PIE: Created PIE world by copying editor world from /Game/MAIN.MAIN to /Game/UEDPIE_0_MAIN.MAIN (0.006822s)
[2017.06.03-04.04.49:078][495]LogInit: XAudio2 using 'Digital Output (ASUS Xonar DX Audio Device)' : 2 channels at 44.1 kHz using 16 bits per sample (channel mask 0x3)
[2017.06.03-04.04.49:082][495]LogInit: FAudioDevice initialized.
[2017.06.03-04.04.49:110][495]LogLoad: Game class is 'MyGame_C'
[2017.06.03-04.04.49:112][495]LogWorld: Bringing World /Game/UEDPIE_0_MAIN.MAIN up for play (max tick rate 0) at 2017.06.03-14.04.49
[2017.06.03-04.04.49:112][495]LogWorld: Bringing up level for play took: 0.001213
[2017.06.03-04.04.49:113][495]PIE: Info Play in editor start time for /Game/UEDPIE_0_MAIN 0.911
[2017.06.03-04.04.49:114][495]LogBlueprintUserMessages: Late PlayInEditor Detection: Level '/Game/MAIN.MAIN:PersistentLevel' has LevelScriptBlueprint '/Game/MAIN.MAIN:PersistentLevel.MAIN' with GeneratedClass '/Game/MAIN.MAIN_C' with ClassGeneratedBy '/Game/MAIN.MAIN:PersistentLevel.MAIN'
[2017.06.03-04.04.53:300][961]LogBlueprintUserMessages: Early EndPlayMap Detection: Level '/Game/MAIN.MAIN:PersistentLevel' has LevelScriptBlueprint '/Game/MAIN.MAIN:PersistentLevel.MAIN' with GeneratedClass '/Game/MAIN.MAIN_C' with ClassGeneratedBy '/Game/MAIN.MAIN:PersistentLevel.MAIN'
[2017.06.03-04.04.53:343][961]LogBlueprintUserMessages: Late EndPlayMap Detection: Level '/Game/MAIN.MAIN:PersistentLevel' has LevelScriptBlueprint '/Game/MAIN.MAIN:PersistentLevel.MAIN' with GeneratedClass '/Game/MAIN.MAIN_C' with ClassGeneratedBy '/Game/MAIN.MAIN:PersistentLevel.MAIN'
[2017.06.03-04.04.59:288][505]LogSlate:Warning: Prevented a slow task dialog from being summoned while a context menu was open
[2017.06.03-04.05.03:087][930]LogSlate:Warning: Prevented a slow task dialog from being summoned while a context menu was open
[2017.06.03-04.05.03:104][930]LogBlueprint:Warning: Timeline Runspeed Track Runspeed in /Engine/Transient.REINST_PlayerORIGINAL_C_115 has an invalid curve.  Please fix!
[2017.06.03-04.05.03:109][930]LogBlueprint:Warning: Timeline Runspeed Track Runspeed in /Engine/Transient.REINST_PlayerORIGINAL_C_117 has an invalid curve.  Please fix!
[2017.06.03-04.05.04:888][132]BlueprintLog: New page: Compile MyGame
[2017.06.03-04.05.05:354][164]Cmd: OBJ SAVEPACKAGE PACKAGE="/Game/Blueprints/MyGame" FILE="C:/Users/Sussane/Documents/Unreal Projects/MAIN/Content/Blueprints/MyGame.uasset" SILENT=true
[2017.06.03-04.05.05:366][164]LogSavePackage: Save=8.07ms
[2017.06.03-04.05.05:366][164]LogSavePackage: Moving 'C:/Users/Sussane/Documents/Unreal Projects/MAIN/Saved/MyGameA54D8B454FBF0ED48DC40197982D6297.tmp' to 'C:/Users/Sussane/Documents/Unreal Projects/MAIN/Content/Blueprints/MyGame.uasset'
[2017.06.03-04.05.05:367][164]LogSavePackage:Display: Finished SavePackage C:/Users/Sussane/Documents/Unreal Projects/MAIN/Content/Blueprints/MyGame.uasset
[2017.06.03-04.05.07:023][305]LogTemp: Repeting last play command: Selected Viewport
[2017.06.03-04.05.07:039][305]LogBlueprintUserMessages: Early PlayInEditor Detection: Level '/Game/MAIN.MAIN:PersistentLevel' has LevelScriptBlueprint '/Game/MAIN.MAIN:PersistentLevel.MAIN' with GeneratedClass '/Game/MAIN.MAIN_C' with ClassGeneratedBy '/Game/MAIN.MAIN:PersistentLevel.MAIN'
[2017.06.03-04.05.07:039][305]LogPlayLevel: PlayLevel: No blueprints needed recompiling
[2017.06.03-04.05.07:040][305]PIE: New page: PIE session: MAIN (4 Jun 2017 12:05:07 am)
[2017.06.03-04.05.07:040][305]LogPlayLevel: Creating play world package: /Game/UEDPIE_0_MAIN
[2017.06.03-04.05.07:045][305]LogPlayLevel: PIE: StaticDuplicateObject took: (0.005674s)
[2017.06.03-04.05.07:046][305]LogAIModule: Creating AISystem for world MAIN
[2017.06.03-04.05.07:046][305]LogPlayLevel: PIE: World Init took: (0.000528s)
[2017.06.03-04.05.07:046][305]LogPlayLevel: PIE: Created PIE world by copying editor world from /Game/MAIN.MAIN to /Game/UEDPIE_0_MAIN.MAIN (0.006385s)
[2017.06.03-04.05.07:071][305]LogInit: XAudio2 using 'Digital Output (ASUS Xonar DX Audio Device)' : 2 channels at 44.1 kHz using 16 bits per sample (channel mask 0x3)
[2017.06.03-04.05.07:075][305]LogInit: FAudioDevice initialized.
[2017.06.03-04.05.07:111][305]LogLoad: Game class is 'MyGame_C'
[2017.06.03-04.05.07:113][305]LogWorld: Bringing World /Game/UEDPIE_0_MAIN.MAIN up for play (max tick rate 0) at 2017.06.03-14.05.07
[2017.06.03-04.05.07:113][305]LogWorld: Bringing up level for play took: 0.001107
[2017.06.03-04.05.07:115][305]PIE: Info Play in editor start time for /Game/UEDPIE_0_MAIN 0.913
[2017.06.03-04.05.07:115][305]LogBlueprintUserMessages: Late PlayInEditor Detection: Level '/Game/MAIN.MAIN:PersistentLevel' has LevelScriptBlueprint '/Game/MAIN.MAIN:PersistentLevel.MAIN' with GeneratedClass '/Game/MAIN.MAIN_C' with ClassGeneratedBy '/Game/MAIN.MAIN:PersistentLevel.MAIN'
[2017.06.03-04.05.21:814][ 61]LogBlueprintUserMessages: Early EndPlayMap Detection: Level '/Game/MAIN.MAIN:PersistentLevel' has LevelScriptBlueprint '/Game/MAIN.MAIN:PersistentLevel.MAIN' with GeneratedClass '/Game/MAIN.MAIN_C' with ClassGeneratedBy '/Game/MAIN.MAIN:PersistentLevel.MAIN'
[2017.06.03-04.05.21:853][ 61]LogBlueprintUserMessages: Late EndPlayMap Detection: Level '/Game/MAIN.MAIN:PersistentLevel' has LevelScriptBlueprint '/Game/MAIN.MAIN:PersistentLevel.MAIN' with GeneratedClass '/Game/MAIN.MAIN_C' with ClassGeneratedBy '/Game/MAIN.MAIN:PersistentLevel.MAIN'
[2017.06.03-04.05.35:231][282]LogBlueprint:Warning: Timeline Timeline_0 Track Runspeed in /Game/Blueprints/Player2.Player2_C has an invalid curve.  Please fix!
[2017.06.03-04.05.35:681][282]LogCrashTracker: 


[2017.06.03-04.05.35:681][282]LogCrashTracker: 


[2017.06.03-04.05.35:681][282]LogWindows:Error: === Critical error: ===
[2017.06.03-04.05.35:681][282]LogWindows:Error: 
[2017.06.03-04.05.35:681][282]LogWindows:Error: Fatal error!
[2017.06.03-04.05.35:681][282]LogWindows:Error: 
[2017.06.03-04.05.35:681][282]LogWindows:Error: Unhandled Exception: EXCEPTION_ACCESS_VIOLATION reading address 0x00000028
[2017.06.03-04.05.35:681][282]LogWindows:Error: 
[2017.06.03-04.05.35:681][282]LogWindows:Error: UE4Editor-BlueprintGraph.dll!0x0000000028DACF0D
[2017.06.03-04.05.35:681][282]LogWindows:Error: UE4Editor-UnrealEd.dll!0x0000000029B22B0D
[2017.06.03-04.05.35:681][282]LogWindows:Error: UE4Editor-UnrealEd.dll!0x0000000029B0A4A0
[2017.06.03-04.05.35:681][282]LogWindows:Error: UE4Editor-Kismet.dll!0x00000000277045CD
[2017.06.03-04.05.35:681][282]LogWindows:Error: UE4Editor-Kismet.dll!0x00000000277043AF
[2017.06.03-04.05.35:681][282]LogWindows:Error: UE4Editor-Kismet.dll!0x0000000027690961
[2017.06.03-04.05.35:681][282]LogWindows:Error: UE4Editor-Kismet.dll!0x00000000276955A6
[2017.06.03-04.05.35:681][282]LogWindows:Error: UE4Editor-Slate.dll!0x000000002AF2EB50
[2017.06.03-04.05.35:681][282]LogWindows:Error: UE4Editor-Slate.dll!0x000000002AF73D60
[2017.06.03-04.05.35:681][282]LogWindows:Error: UE4Editor-GraphEditor.dll!0x00000000280BFDBD
[2017.06.03-04.05.35:681][282]LogWindows:Error: UE4Editor-Slate.dll!0x000000002AF19021
[2017.06.03-04.05.35:681][282]LogWindows:Error: UE4Editor-Slate.dll!0x000000002AEE840E
[2017.06.03-04.05.35:681][282]LogWindows:Error: UE4Editor-Slate.dll!0x000000002AEEA006
[2017.06.03-04.05.35:681][282]LogWindows:Error: UE4Editor-Slate.dll!0x000000002AF755AD
[2017.06.03-04.05.35:681][282]LogWindows:Error: UE4Editor-Slate.dll!0x000000002AF66518
[2017.06.03-04.05.35:681][282]LogWindows:Error: UE4Editor-Core.dll!0x000000004B4213AC
[2017.06.03-04.05.35:681][282]LogWindows:Error: UE4Editor-Core.dll!0x000000004B40B6E1
[2017.06.03-04.05.35:681][282]LogWindows:Error: UE4Editor-Core.dll!0x000000004B4232EB
[2017.06.03-04.05.35:681][282]LogWindows:Error: UE4Editor-Core.dll!0x000000004B407A32
[2017.06.03-04.05.35:681][282]LogWindows:Error: USER32.dll!0x0000000065391C24
[2017.06.03-04.05.35:681][282]LogWindows:Error: USER32.dll!0x000000006539156C
[2017.06.03-04.05.35:681][282]LogWindows:Error: UE4Editor-Core.dll!0x000000004B423BF6
[2017.06.03-04.05.35:681][282]LogWindows:Error: UE4Editor.exe!0x000000007FECDB44
[2017.06.03-04.05.35:681][282]LogWindows:Error: UE4Editor.exe!0x000000007FEBF0B0
[2017.06.03-04.05.35:681][282]LogWindows:Error: UE4Editor.exe!0x000000007FEBF12A
[2017.06.03-04.05.35:681][282]LogWindows:Error: UE4Editor.exe!0x000000007FED0CF9
[2017.06.03-04.05.35:681][282]LogWindows:Error: UE4Editor.exe!0x000000007FED25F7
[2017.06.03-04.05.35:681][282]LogWindows:Error: KERNEL32.DLL!0x0000000064E68364
[2017.06.03-04.05.35:681][282]LogWindows:Error: ntdll.dll!0x0000000065D170D1
[2017.06.03-04.05.35:681][282]LogWindows:Error: ntdll.dll!0x0000000065D170D1
[2017.06.03-04.05.35:681][282]LogWindows:Error: 
[2017.06.03-04.05.35:695][282]LogExit: Executing StaticShutdownAfterError
[2017.06.03-04.05.35:698][282]LogWindows: FPlatformMisc::RequestExit(1)
[2017.06.03-04.05.35:699][282]Log file closed, 06/03/17 14:05:35
